<?xml version="1.0" encoding="utf-8"?>
<log version="1.0" tool="runtool">

<msg id="1" tool="runtool">
  <type>log-start</type>
  <arg>2015/12/14 20:26:26</arg>
</msg>
<msg id="2" tool="runtool">
  <type>mc-starts</type>
</msg>
<msg id="3" tool="runtool">
  <type>marker-file</type>
  <arg>E:\HistoryNoteBook\HistoryNoteBook\My Inspector XE Results - HistoryNoteBook\r000mi1\r000mi1.inspxe</arg>
</msg>
<msg id="4" tool="mc">
  <type>2001</type>
  <arg>E:\HistoryNoteBook\HistoryNoteBook\bin\Debug\HistoryNoteBook.exe</arg>
  <arg>16776</arg>
  <timestamp>Mon Dec 14 20:26:32 2015</timestamp>
  <severity>2</severity>
  <description>EXEC_OF_INTEREST</description>
</msg>
<msg id="5" tool="mc">
  <type>2002</type>
  <arg>E:\HistoryNoteBook\HistoryNoteBook\bin\Debug\HistoryNoteBook.exe</arg>
  <arg>0x00080000</arg>
  <arg>0x00091fff</arg>
  <description>Module loaded E:\HistoryNoteBook\HistoryNoteBook\bin\Debug\HistoryNoteBook.exe, address range [0x00080000-0x00091fff]</description>
  <severity>2</severity>
</msg>
<msg id="6" tool="mc">
  <type>2002</type>
  <arg>D:\Intel\Inspector XE 2011\bin32\inspxe_dbghelp.dll</arg>
  <arg>0x04100000</arg>
  <arg>0x04220fff</arg>
  <description>Module loaded D:\Intel\Inspector XE 2011\bin32\inspxe_dbghelp.dll, address range [0x04100000-0x04220fff]</description>
  <severity>2</severity>
</msg>
<msg id="7" tool="mc">
  <type>2002</type>
  <arg>D:\Intel\Inspector XE 2011\bin32\inspxe_msdia100.dll</arg>
  <arg>0x0f420000</arg>
  <arg>0x0f4e5fff</arg>
  <description>Module loaded D:\Intel\Inspector XE 2011\bin32\inspxe_msdia100.dll, address range [0x0f420000-0x0f4e5fff]</description>
  <severity>2</severity>
</msg>
<msg id="8" tool="mc">
  <type>2002</type>
  <arg>C:\windows\SYSTEM32\MSCOREE.DLL</arg>
  <arg>0x6e430000</arg>
  <arg>0x6e479fff</arg>
  <description>Module loaded C:\windows\SYSTEM32\MSCOREE.DLL, address range [0x6e430000-0x6e479fff]</description>
  <severity>2</severity>
</msg>
<msg id="9" tool="mc">
  <type>2002</type>
  <arg>C:\windows\system32\apphelp.dll</arg>
  <arg>0x729f0000</arg>
  <arg>0x72a3bfff</arg>
  <description>Module loaded C:\windows\system32\apphelp.dll, address range [0x729f0000-0x72a3bfff]</description>
  <severity>2</severity>
</msg>
<msg id="10" tool="mc">
  <type>2002</type>
  <arg>C:\windows\syswow64\CRYPTBASE.dll</arg>
  <arg>0x74f00000</arg>
  <arg>0x74f0bfff</arg>
  <description>Module loaded C:\windows\syswow64\CRYPTBASE.dll, address range [0x74f00000-0x74f0bfff]</description>
  <severity>2</severity>
</msg>
<msg id="11" tool="mc">
  <type>2002</type>
  <arg>C:\windows\syswow64\SspiCli.dll</arg>
  <arg>0x74f10000</arg>
  <arg>0x74f6ffff</arg>
  <description>Module loaded C:\windows\syswow64\SspiCli.dll, address range [0x74f10000-0x74f6ffff]</description>
  <severity>2</severity>
</msg>
<msg id="12" tool="mc">
  <type>2002</type>
  <arg>C:\windows\syswow64\RPCRT4.dll</arg>
  <arg>0x75030000</arg>
  <arg>0x7511ffff</arg>
  <description>Module loaded C:\windows\syswow64\RPCRT4.dll, address range [0x75030000-0x7511ffff]</description>
  <severity>2</severity>
</msg>
<msg id="13" tool="mc">
  <type>2002</type>
  <arg>C:\windows\syswow64\PSAPI.DLL</arg>
  <arg>0x75120000</arg>
  <arg>0x75124fff</arg>
  <description>Module loaded C:\windows\syswow64\PSAPI.DLL, address range [0x75120000-0x75124fff]</description>
  <severity>2</severity>
</msg>
<msg id="14" tool="mc">
  <type>2002</type>
  <arg>C:\windows\syswow64\msvcrt.dll</arg>
  <arg>0x75130000</arg>
  <arg>0x751dbfff</arg>
  <description>Module loaded C:\windows\syswow64\msvcrt.dll, address range [0x75130000-0x751dbfff]</description>
  <severity>2</severity>
</msg>
<msg id="15" tool="mc">
  <type>2002</type>
  <arg>C:\windows\syswow64\USER32.dll</arg>
  <arg>0x751e0000</arg>
  <arg>0x752dffff</arg>
  <description>Module loaded C:\windows\syswow64\USER32.dll, address range [0x751e0000-0x752dffff]</description>
  <severity>2</severity>
</msg>
<msg id="16" tool="mc">
  <type>2002</type>
  <arg>C:\windows\syswow64\MSCTF.dll</arg>
  <arg>0x76190000</arg>
  <arg>0x7625bfff</arg>
  <description>Module loaded C:\windows\syswow64\MSCTF.dll, address range [0x76190000-0x7625bfff]</description>
  <severity>2</severity>
</msg>
<msg id="17" tool="mc">
  <type>2002</type>
  <arg>C:\windows\syswow64\KERNELBASE.dll</arg>
  <arg>0x76610000</arg>
  <arg>0x76656fff</arg>
  <description>Module loaded C:\windows\syswow64\KERNELBASE.dll, address range [0x76610000-0x76656fff]</description>
  <severity>2</severity>
</msg>
<msg id="18" tool="mc">
  <type>2002</type>
  <arg>C:\windows\syswow64\GDI32.dll</arg>
  <arg>0x767c0000</arg>
  <arg>0x7684ffff</arg>
  <description>Module loaded C:\windows\syswow64\GDI32.dll, address range [0x767c0000-0x7684ffff]</description>
  <severity>2</severity>
</msg>
<msg id="19" tool="mc">
  <type>2002</type>
  <arg>C:\windows\syswow64\ole32.dll</arg>
  <arg>0x768e0000</arg>
  <arg>0x76a3bfff</arg>
  <description>Module loaded C:\windows\syswow64\ole32.dll, address range [0x768e0000-0x76a3bfff]</description>
  <severity>2</severity>
</msg>
<msg id="20" tool="mc">
  <type>2002</type>
  <arg>C:\windows\SysWOW64\sechost.dll</arg>
  <arg>0x76b30000</arg>
  <arg>0x76b48fff</arg>
  <description>Module loaded C:\windows\SysWOW64\sechost.dll, address range [0x76b30000-0x76b48fff]</description>
  <severity>2</severity>
</msg>
<msg id="21" tool="mc">
  <type>2002</type>
  <arg>C:\windows\syswow64\KERNEL32.dll</arg>
  <arg>0x76b90000</arg>
  <arg>0x76c9ffff</arg>
  <description>Module loaded C:\windows\syswow64\KERNEL32.dll, address range [0x76b90000-0x76c9ffff]</description>
  <severity>2</severity>
</msg>
<msg id="22" tool="mc">
  <type>2002</type>
  <arg>C:\windows\syswow64\USP10.dll</arg>
  <arg>0x76d00000</arg>
  <arg>0x76d9cfff</arg>
  <description>Module loaded C:\windows\syswow64\USP10.dll, address range [0x76d00000-0x76d9cfff]</description>
  <severity>2</severity>
</msg>
<msg id="23" tool="mc">
  <type>2002</type>
  <arg>C:\windows\syswow64\ADVAPI32.dll</arg>
  <arg>0x76da0000</arg>
  <arg>0x76e3ffff</arg>
  <description>Module loaded C:\windows\syswow64\ADVAPI32.dll, address range [0x76da0000-0x76e3ffff]</description>
  <severity>2</severity>
</msg>
<msg id="24" tool="mc">
  <type>2002</type>
  <arg>C:\windows\syswow64\OLEAUT32.dll</arg>
  <arg>0x76fb0000</arg>
  <arg>0x7703efff</arg>
  <description>Module loaded C:\windows\syswow64\OLEAUT32.dll, address range [0x76fb0000-0x7703efff]</description>
  <severity>2</severity>
</msg>
<msg id="25" tool="mc">
  <type>2002</type>
  <arg>C:\windows\system32\IMM32.DLL</arg>
  <arg>0x77040000</arg>
  <arg>0x7709ffff</arg>
  <description>Module loaded C:\windows\system32\IMM32.DLL, address range [0x77040000-0x7709ffff]</description>
  <severity>2</severity>
</msg>
<msg id="26" tool="mc">
  <type>2002</type>
  <arg>C:\windows\syswow64\LPK.dll</arg>
  <arg>0x773c0000</arg>
  <arg>0x773c9fff</arg>
  <description>Module loaded C:\windows\syswow64\LPK.dll, address range [0x773c0000-0x773c9fff]</description>
  <severity>2</severity>
</msg>
<msg id="27" tool="mc">
  <type>2002</type>
  <arg>C:\windows\SysWOW64\ntdll.dll</arg>
  <arg>0x773f0000</arg>
  <arg>0x7756ffff</arg>
  <description>Module loaded C:\windows\SysWOW64\ntdll.dll, address range [0x773f0000-0x7756ffff]</description>
  <severity>2</severity>
</msg>
<msg id="28" tool="mc">
  <type>2002</type>
  <arg>C:\Windows\Microsoft.NET\Framework\v4.0.30319\mscoreei.dll</arg>
  <arg>0x6e3b0000</arg>
  <arg>0x6e429fff</arg>
  <description>Module loaded C:\Windows\Microsoft.NET\Framework\v4.0.30319\mscoreei.dll, address range [0x6e3b0000-0x6e429fff]</description>
  <severity>2</severity>
</msg>
<msg id="29" tool="mc">
  <type>2002</type>
  <arg>C:\windows\syswow64\SHLWAPI.dll</arg>
  <arg>0x76ca0000</arg>
  <arg>0x76cf6fff</arg>
  <description>Module loaded C:\windows\syswow64\SHLWAPI.dll, address range [0x76ca0000-0x76cf6fff]</description>
  <severity>2</severity>
</msg>
<msg id="30" tool="mc">
  <type>2002</type>
  <arg>C:\Windows\Microsoft.NET\Framework\v4.0.30319\clr.dll</arg>
  <arg>0x5dee0000</arg>
  <arg>0x5e572fff</arg>
  <description>Module loaded C:\Windows\Microsoft.NET\Framework\v4.0.30319\clr.dll, address range [0x5dee0000-0x5e572fff]</description>
  <severity>2</severity>
</msg>
<msg id="31" tool="mc">
  <type>2002</type>
  <arg>C:\windows\system32\MSVCR110_CLR0400.dll</arg>
  <arg>0x5de00000</arg>
  <arg>0x5ded2fff</arg>
  <description>Module loaded C:\windows\system32\MSVCR110_CLR0400.dll, address range [0x5de00000-0x5ded2fff]</description>
  <severity>2</severity>
</msg>
<msg id="32" tool="mc">
  <type>2002</type>
  <arg>C:\windows\assembly\NativeImages_v4.0.30319_32\mscorlib\d12f4fda3d1bfabf888342e96983e9a7\mscorlib.ni.dll</arg>
  <arg>0x52e00000</arg>
  <arg>0x53dc9fff</arg>
  <description>Module loaded C:\windows\assembly\NativeImages_v4.0.30319_32\mscorlib\d12f4fda3d1bfabf888342e96983e9a7\mscorlib.ni.dll, address range [0x52e00000-0x53dc9fff]</description>
  <severity>2</severity>
</msg>
<msg id="33" tool="mc">
  <type>2002</type>
  <arg>C:\windows\system32\uxtheme.dll</arg>
  <arg>0x72750000</arg>
  <arg>0x727cffff</arg>
  <description>Module loaded C:\windows\system32\uxtheme.dll, address range [0x72750000-0x727cffff]</description>
  <severity>2</severity>
</msg>
<msg id="34" tool="mc">
  <type>2002</type>
  <arg>C:\windows\assembly\NativeImages_v4.0.30319_32\System\a369005c18456d7fd36347e36d63fe05\System.ni.dll</arg>
  <arg>0x50cb0000</arg>
  <arg>0x5162bfff</arg>
  <description>Module loaded C:\windows\assembly\NativeImages_v4.0.30319_32\System\a369005c18456d7fd36347e36d63fe05\System.ni.dll, address range [0x50cb0000-0x5162bfff]</description>
  <severity>2</severity>
</msg>
<msg id="35" tool="mc">
  <type>2002</type>
  <arg>C:\windows\assembly\NativeImages_v4.0.30319_32\WindowsBase\ac2e26bafa70e93b307087d7fe6b9dd2\WindowsBase.ni.dll</arg>
  <arg>0x5a680000</arg>
  <arg>0x5aa3cfff</arg>
  <description>Module loaded C:\windows\assembly\NativeImages_v4.0.30319_32\WindowsBase\ac2e26bafa70e93b307087d7fe6b9dd2\WindowsBase.ni.dll, address range [0x5a680000-0x5aa3cfff]</description>
  <severity>2</severity>
</msg>
<msg id="36" tool="mc">
  <type>2002</type>
  <arg>C:\windows\system32\CRYPTSP.dll</arg>
  <arg>0x701d0000</arg>
  <arg>0x701e5fff</arg>
  <description>Module loaded C:\windows\system32\CRYPTSP.dll, address range [0x701d0000-0x701e5fff]</description>
  <severity>2</severity>
</msg>
<msg id="37" tool="mc">
  <type>2002</type>
  <arg>C:\windows\system32\rsaenh.dll</arg>
  <arg>0x70190000</arg>
  <arg>0x701cafff</arg>
  <description>Module loaded C:\windows\system32\rsaenh.dll, address range [0x70190000-0x701cafff]</description>
  <severity>2</severity>
</msg>
<msg id="38" tool="mc">
  <type>2002</type>
  <arg>C:\windows\assembly\NativeImages_v4.0.30319_32\PresentationCore\43a5fc0dffa4a254749608452df27b6a\PresentationCore.ni.dll</arg>
  <arg>0x0f790000</arg>
  <arg>0x101fefff</arg>
  <description>Module loaded C:\windows\assembly\NativeImages_v4.0.30319_32\PresentationCore\43a5fc0dffa4a254749608452df27b6a\PresentationCore.ni.dll, address range [0x0f790000-0x101fefff]</description>
  <severity>2</severity>
</msg>
<msg id="39" tool="mc">
  <type>2002</type>
  <arg>C:\windows\assembly\NativeImages_v4.0.30319_32\Presentatio5ae0f00f#\8711b01d60a94d6ef6a02d7fd0578493\PresentationFramework.ni.dll</arg>
  <arg>0x55d50000</arg>
  <arg>0x56f02fff</arg>
  <description>Module loaded C:\windows\assembly\NativeImages_v4.0.30319_32\Presentatio5ae0f00f#\8711b01d60a94d6ef6a02d7fd0578493\PresentationFramework.ni.dll, address range [0x55d50000-0x56f02fff]</description>
  <severity>2</severity>
</msg>
<msg id="40" tool="mc">
  <type>2002</type>
  <arg>C:\windows\assembly\NativeImages_v4.0.30319_32\System.Xaml\9d3572e8c3c314a0f12383d41e8bee78\System.Xaml.ni.dll</arg>
  <arg>0x586a0000</arg>
  <arg>0x5886dfff</arg>
  <description>Module loaded C:\windows\assembly\NativeImages_v4.0.30319_32\System.Xaml\9d3572e8c3c314a0f12383d41e8bee78\System.Xaml.ni.dll, address range [0x586a0000-0x5886dfff]</description>
  <severity>2</severity>
</msg>
<msg id="41" tool="mc">
  <type>2002</type>
  <arg>C:\windows\system32\dwrite.dll</arg>
  <arg>0x58590000</arg>
  <arg>0x5869bfff</arg>
  <description>Module loaded C:\windows\system32\dwrite.dll, address range [0x58590000-0x5869bfff]</description>
  <severity>2</severity>
</msg>
<msg id="42" tool="mc">
  <type>2002</type>
  <arg>C:\windows\Microsoft.NET\Framework\v4.0.30319\WPF\wpfgfx_v0400.dll</arg>
  <arg>0x089c0000</arg>
  <arg>0x08b5cfff</arg>
  <description>Module loaded C:\windows\Microsoft.NET\Framework\v4.0.30319\WPF\wpfgfx_v0400.dll, address range [0x089c0000-0x08b5cfff]</description>
  <severity>2</severity>
</msg>
<msg id="43" tool="mc">
  <type>2002</type>
  <arg>C:\windows\Microsoft.NET\Framework\v4.0.30319\WPF\PresentationNative_v0400.dll</arg>
  <arg>0x5aeb0000</arg>
  <arg>0x5af6ffff</arg>
  <description>Module loaded C:\windows\Microsoft.NET\Framework\v4.0.30319\WPF\PresentationNative_v0400.dll, address range [0x5aeb0000-0x5af6ffff]</description>
  <severity>2</severity>
</msg>
<msg id="44" tool="mc">
  <type>2002</type>
  <arg>C:\Windows\Microsoft.NET\Framework\v4.0.30319\clrjit.dll</arg>
  <arg>0x58520000</arg>
  <arg>0x5858dfff</arg>
  <description>Module loaded C:\Windows\Microsoft.NET\Framework\v4.0.30319\clrjit.dll, address range [0x58520000-0x5858dfff]</description>
  <severity>2</severity>
</msg>
<msg id="45" tool="mc">
  <type>2002</type>
  <arg>C:\Windows\Microsoft.NET\Framework\v4.0.30319\nlssorting.dll</arg>
  <arg>0x5dde0000</arg>
  <arg>0x5ddf1fff</arg>
  <description>Module loaded C:\Windows\Microsoft.NET\Framework\v4.0.30319\nlssorting.dll, address range [0x5dde0000-0x5ddf1fff]</description>
  <severity>2</severity>
</msg>
<msg id="46" tool="mc">
  <type>2002</type>
  <arg>C:\windows\system32\dwmapi.dll</arg>
  <arg>0x6e390000</arg>
  <arg>0x6e3a2fff</arg>
  <description>Module loaded C:\windows\system32\dwmapi.dll, address range [0x6e390000-0x6e3a2fff]</description>
  <severity>2</severity>
</msg>
<msg id="47" tool="mc">
  <type>2002</type>
  <arg>C:\Users\dell\AppData\Roaming\TaobaoProtect\TaobaoProtectSE.dll</arg>
  <arg>0x74560000</arg>
  <arg>0x745f2fff</arg>
  <description>Module loaded C:\Users\dell\AppData\Roaming\TaobaoProtect\TaobaoProtectSE.dll, address range [0x74560000-0x745f2fff]</description>
  <severity>2</severity>
</msg>
<msg id="48" tool="mc">
  <type>2002</type>
  <arg>C:\windows\syswow64\CRYPT32.dll</arg>
  <arg>0x76670000</arg>
  <arg>0x7678ffff</arg>
  <description>Module loaded C:\windows\syswow64\CRYPT32.dll, address range [0x76670000-0x7678ffff]</description>
  <severity>2</severity>
</msg>
<msg id="49" tool="mc">
  <type>2002</type>
  <arg>C:\windows\syswow64\MSASN1.dll</arg>
  <arg>0x76f70000</arg>
  <arg>0x76f7bfff</arg>
  <description>Module loaded C:\windows\syswow64\MSASN1.dll, address range [0x76f70000-0x76f7bfff]</description>
  <severity>2</severity>
</msg>
<msg id="50" tool="mc">
  <type>2002</type>
  <arg>C:\windows\system32\VERSION.dll</arg>
  <arg>0x74d70000</arg>
  <arg>0x74d78fff</arg>
  <description>Module loaded C:\windows\system32\VERSION.dll, address range [0x74d70000-0x74d78fff]</description>
  <severity>2</severity>
</msg>
<msg id="51" tool="mc">
  <type>2002</type>
  <arg>C:\windows\system32\sfc.dll</arg>
  <arg>0x74de0000</arg>
  <arg>0x74de2fff</arg>
  <description>Module loaded C:\windows\system32\sfc.dll, address range [0x74de0000-0x74de2fff]</description>
  <severity>2</severity>
</msg>
<msg id="52" tool="mc">
  <type>2002</type>
  <arg>C:\windows\system32\sfc_os.DLL</arg>
  <arg>0x74dd0000</arg>
  <arg>0x74ddcfff</arg>
  <description>Module loaded C:\windows\system32\sfc_os.DLL, address range [0x74dd0000-0x74ddcfff]</description>
  <severity>2</severity>
</msg>
<msg id="53" tool="mc">
  <type>2002</type>
  <arg>C:\windows\system32\d3d9.dll</arg>
  <arg>0x5f2b0000</arg>
  <arg>0x5f472fff</arg>
  <description>Module loaded C:\windows\system32\d3d9.dll, address range [0x5f2b0000-0x5f472fff]</description>
  <severity>2</severity>
</msg>
<msg id="54" tool="mc">
  <type>2002</type>
  <arg>C:\windows\system32\d3d8thk.dll</arg>
  <arg>0x64ea0000</arg>
  <arg>0x64ea5fff</arg>
  <description>Module loaded C:\windows\system32\d3d8thk.dll, address range [0x64ea0000-0x64ea5fff]</description>
  <severity>2</severity>
</msg>
<msg id="55" tool="mc">
  <type>2002</type>
  <arg>C:\windows\system32\aticfx32.dll</arg>
  <arg>0x5f200000</arg>
  <arg>0x5f2a8fff</arg>
  <description>Module loaded C:\windows\system32\aticfx32.dll, address range [0x5f200000-0x5f2a8fff]</description>
  <severity>2</severity>
</msg>
<msg id="56" tool="mc">
  <type>2002</type>
  <arg>C:\windows\system32\atiu9pag.dll</arg>
  <arg>0x63730000</arg>
  <arg>0x6373afff</arg>
  <description>Module loaded C:\windows\system32\atiu9pag.dll, address range [0x63730000-0x6373afff]</description>
  <severity>2</severity>
</msg>
<msg id="57" tool="mc">
  <type>2002</type>
  <arg>C:\windows\system32\igdumd32.dll</arg>
  <arg>0x0b890000</arg>
  <arg>0x0bea0fff</arg>
  <description>Module loaded C:\windows\system32\igdumd32.dll, address range [0x0b890000-0x0bea0fff]</description>
  <severity>2</severity>
</msg>
<msg id="58" tool="mc">
  <type>2002</type>
  <arg>C:\windows\system32\atiumdag.dll</arg>
  <arg>0x5af70000</arg>
  <arg>0x5b383fff</arg>
  <description>Module loaded C:\windows\system32\atiumdag.dll, address range [0x5af70000-0x5b383fff]</description>
  <severity>2</severity>
</msg>
<msg id="59" tool="mc">
  <type>2002</type>
  <arg>C:\windows\system32\atiumdva.dll</arg>
  <arg>0x52830000</arg>
  <arg>0x52bbefff</arg>
  <description>Module loaded C:\windows\system32\atiumdva.dll, address range [0x52830000-0x52bbefff]</description>
  <severity>2</severity>
</msg>
<msg id="60" tool="mc">
  <type>2003</type>
  <arg>C:\windows\system32\atiumdva.dll</arg>
  <description>Module unloaded </description>
  <severity>2</severity>
</msg>
<msg id="61" tool="mc">
  <type>2003</type>
  <arg>C:\windows\system32\igdumd32.dll</arg>
  <description>Module unloaded </description>
  <severity>2</severity>
</msg>
<msg id="62" tool="mc">
  <type>2003</type>
  <arg>C:\windows\system32\atiumdag.dll</arg>
  <description>Module unloaded </description>
  <severity>2</severity>
</msg>
<msg id="63" tool="mc">
  <type>2002</type>
  <arg>C:\windows\system32\igdumd32.dll</arg>
  <arg>0x0b890000</arg>
  <arg>0x0bea0fff</arg>
  <description>Module loaded C:\windows\system32\igdumd32.dll, address range [0x0b890000-0x0bea0fff]</description>
  <severity>2</severity>
</msg>
<msg id="64" tool="mc">
  <type>2002</type>
  <arg>C:\windows\system32\atiumdag.dll</arg>
  <arg>0x5af70000</arg>
  <arg>0x5b383fff</arg>
  <description>Module loaded C:\windows\system32\atiumdag.dll, address range [0x5af70000-0x5b383fff]</description>
  <severity>2</severity>
</msg>
<msg id="65" tool="mc">
  <type>2002</type>
  <arg>C:\windows\assembly\NativeImages_v4.0.30319_32\Presentatio1c9175f8#\a6a6fa5e1e0fa50040bcb18751901007\PresentationFramework.Aero.ni.dll</arg>
  <arg>0x52d40000</arg>
  <arg>0x52db2fff</arg>
  <description>Module loaded C:\windows\assembly\NativeImages_v4.0.30319_32\Presentatio1c9175f8#\a6a6fa5e1e0fa50040bcb18751901007\PresentationFramework.Aero.ni.dll, address range [0x52d40000-0x52db2fff]</description>
  <severity>2</severity>
</msg>
<msg id="66" tool="mc">
  <type>2002</type>
  <arg>C:\windows\system32\RpcRtRemote.dll</arg>
  <arg>0x74900000</arg>
  <arg>0x7490dfff</arg>
  <description>Module loaded C:\windows\system32\RpcRtRemote.dll, address range [0x74900000-0x7490dfff]</description>
  <severity>2</severity>
</msg>
<msg id="67" tool="mc">
  <type>2002</type>
  <arg>C:\windows\assembly\NativeImages_v4.0.30319_32\UIAutomationTypes\aa082a27df085dae57ffa438182c792c\UIAutomationTypes.ni.dll</arg>
  <arg>0x57b80000</arg>
  <arg>0x57baffff</arg>
  <description>Module loaded C:\windows\assembly\NativeImages_v4.0.30319_32\UIAutomationTypes\aa082a27df085dae57ffa438182c792c\UIAutomationTypes.ni.dll, address range [0x57b80000-0x57baffff]</description>
  <severity>2</severity>
</msg>
<msg id="68" tool="mc">
  <type>2002</type>
  <arg>C:\windows\system32\UIAutomationCore.dll</arg>
  <arg>0x137e0000</arg>
  <arg>0x1386bfff</arg>
  <description>Module loaded C:\windows\system32\UIAutomationCore.dll, address range [0x137e0000-0x1386bfff]</description>
  <severity>2</severity>
</msg>
<msg id="69" tool="mc">
  <type>2002</type>
  <arg>C:\windows\system32\OLEACC.dll</arg>
  <arg>0x72910000</arg>
  <arg>0x7294bfff</arg>
  <description>Module loaded C:\windows\system32\OLEACC.dll, address range [0x72910000-0x7294bfff]</description>
  <severity>2</severity>
</msg>
<msg id="70" tool="mc">
  <type>2002</type>
  <arg>C:\windows\assembly\NativeImages_v4.0.30319_32\System.Configuration\853f7abd2d9a620ba57c7b4005fe1976\System.Configuration.ni.dll</arg>
  <arg>0x58430000</arg>
  <arg>0x5851dfff</arg>
  <description>Module loaded C:\windows\assembly\NativeImages_v4.0.30319_32\System.Configuration\853f7abd2d9a620ba57c7b4005fe1976\System.Configuration.ni.dll, address range [0x58430000-0x5851dfff]</description>
  <severity>2</severity>
</msg>
<msg id="71" tool="mc">
  <type>2002</type>
  <arg>C:\windows\assembly\NativeImages_v4.0.30319_32\System.Xml\95a58c416cfe8803af6b325d952a374a\System.Xml.ni.dll</arg>
  <arg>0x51bd0000</arg>
  <arg>0x52308fff</arg>
  <description>Module loaded C:\windows\assembly\NativeImages_v4.0.30319_32\System.Xml\95a58c416cfe8803af6b325d952a374a\System.Xml.ni.dll, address range [0x51bd0000-0x52308fff]</description>
  <severity>2</severity>
</msg>
<msg id="72" tool="mc">
  <type>2002</type>
  <arg>C:\windows\assembly\NativeImages_v4.0.30319_32\System.Core\6497e394eb0346d9f374976af5033e37\System.Core.ni.dll</arg>
  <arg>0x58870000</arg>
  <arg>0x58f1efff</arg>
  <description>Module loaded C:\windows\assembly\NativeImages_v4.0.30319_32\System.Core\6497e394eb0346d9f374976af5033e37\System.Core.ni.dll, address range [0x58870000-0x58f1efff]</description>
  <severity>2</severity>
</msg>
<msg id="73" tool="mc">
  <type>2002</type>
  <arg>C:\windows\assembly\NativeImages_v4.0.30319_32\System.Data\5e963184507d322fed0d414910bc8537\System.Data.ni.dll</arg>
  <arg>0x0cc10000</arg>
  <arg>0x0d2fbfff</arg>
  <description>Module loaded C:\windows\assembly\NativeImages_v4.0.30319_32\System.Data\5e963184507d322fed0d414910bc8537\System.Data.ni.dll, address range [0x0cc10000-0x0d2fbfff]</description>
  <severity>2</severity>
</msg>
<msg id="74" tool="mc">
  <type>2002</type>
  <arg>C:\windows\Microsoft.Net\assembly\GAC_32\System.Data\v4.0_4.0.0.0__b77a5c561934e089\System.Data.dll</arg>
  <arg>0x0d360000</arg>
  <arg>0x0d66afff</arg>
  <description>Module loaded C:\windows\Microsoft.Net\assembly\GAC_32\System.Data\v4.0_4.0.0.0__b77a5c561934e089\System.Data.dll, address range [0x0d360000-0x0d66afff]</description>
  <severity>2</severity>
</msg>
<msg id="75" tool="mc">
  <type>2002</type>
  <arg>C:\windows\syswow64\WS2_32.dll</arg>
  <arg>0x74ff0000</arg>
  <arg>0x75024fff</arg>
  <description>Module loaded C:\windows\syswow64\WS2_32.dll, address range [0x74ff0000-0x75024fff]</description>
  <severity>2</severity>
</msg>
<msg id="76" tool="mc">
  <type>2002</type>
  <arg>C:\windows\syswow64\NSI.dll</arg>
  <arg>0x76660000</arg>
  <arg>0x76665fff</arg>
  <description>Module loaded C:\windows\syswow64\NSI.dll, address range [0x76660000-0x76665fff]</description>
  <severity>2</severity>
</msg>
<msg id="77" tool="mc">
  <type>2002</type>
  <arg>C:\windows\assembly\NativeImages_v4.0.30319_32\System.Transactions\13b1748896e1f9ef4bc9889e945d239e\System.Transactions.ni.dll</arg>
  <arg>0x5f700000</arg>
  <arg>0x5f79efff</arg>
  <description>Module loaded C:\windows\assembly\NativeImages_v4.0.30319_32\System.Transactions\13b1748896e1f9ef4bc9889e945d239e\System.Transactions.ni.dll, address range [0x5f700000-0x5f79efff]</description>
  <severity>2</severity>
</msg>
<msg id="78" tool="mc">
  <type>2002</type>
  <arg>C:\windows\Microsoft.Net\assembly\GAC_32\System.Transactions\v4.0_4.0.0.0__b77a5c561934e089\System.Transactions.dll</arg>
  <arg>0x5f9e0000</arg>
  <arg>0x5fa24fff</arg>
  <description>Module loaded C:\windows\Microsoft.Net\assembly\GAC_32\System.Transactions\v4.0_4.0.0.0__b77a5c561934e089\System.Transactions.dll, address range [0x5f9e0000-0x5fa24fff]</description>
  <severity>2</severity>
</msg>
<msg id="79" tool="mc">
  <type>2002</type>
  <arg>C:\windows\assembly\NativeImages_v4.0.30319_32\System.Ente96d83b35#\12ce93737f159b31ce4e4d7bba0a8666\System.EnterpriseServices.ni.dll</arg>
  <arg>0x66b50000</arg>
  <arg>0x66c0ffff</arg>
  <description>Module loaded C:\windows\assembly\NativeImages_v4.0.30319_32\System.Ente96d83b35#\12ce93737f159b31ce4e4d7bba0a8666\System.EnterpriseServices.ni.dll, address range [0x66b50000-0x66c0ffff]</description>
  <severity>2</severity>
</msg>
<msg id="80" tool="mc">
  <type>2002</type>
  <arg>C:\windows\assembly\NativeImages_v4.0.30319_32\System.Ente96d83b35#\12ce93737f159b31ce4e4d7bba0a8666\System.EnterpriseServices.Wrapper.dll</arg>
  <arg>0x0f0a0000</arg>
  <arg>0x0f0defff</arg>
  <description>Module loaded C:\windows\assembly\NativeImages_v4.0.30319_32\System.Ente96d83b35#\12ce93737f159b31ce4e4d7bba0a8666\System.EnterpriseServices.Wrapper.dll, address range [0x0f0a0000-0x0f0defff]</description>
  <severity>2</severity>
</msg>
<msg id="81" tool="mc">
  <type>2002</type>
  <arg>C:\windows\Microsoft.Net\assembly\GAC_32\System.EnterpriseServices\v4.0_4.0.0.0__b03f5f7f11d50a3a\System.EnterpriseServices.Wrapper.dll</arg>
  <arg>0x0da60000</arg>
  <arg>0x0da7ffff</arg>
  <description>Module loaded C:\windows\Microsoft.Net\assembly\GAC_32\System.EnterpriseServices\v4.0_4.0.0.0__b03f5f7f11d50a3a\System.EnterpriseServices.Wrapper.dll, address range [0x0da60000-0x0da7ffff]</description>
  <severity>2</severity>
</msg>
<msg id="82" tool="mc">
  <type>2002</type>
  <arg>C:\windows\syswow64\urlmon.dll</arg>
  <arg>0x76050000</arg>
  <arg>0x7618ffff</arg>
  <description>Module loaded C:\windows\syswow64\urlmon.dll, address range [0x76050000-0x7618ffff]</description>
  <severity>2</severity>
</msg>
<msg id="83" tool="mc">
  <type>2002</type>
  <arg>C:\windows\syswow64\XmlLite.dll</arg>
  <arg>0x76b50000</arg>
  <arg>0x76b7efff</arg>
  <description>Module loaded C:\windows\syswow64\XmlLite.dll, address range [0x76b50000-0x76b7efff]</description>
  <severity>2</severity>
</msg>
<msg id="84" tool="mc">
  <type>2002</type>
  <arg>C:\windows\syswow64\WININET.dll</arg>
  <arg>0x75f50000</arg>
  <arg>0x76044fff</arg>
  <description>Module loaded C:\windows\syswow64\WININET.dll, address range [0x75f50000-0x76044fff]</description>
  <severity>2</severity>
</msg>
<msg id="85" tool="mc">
  <type>2002</type>
  <arg>C:\windows\syswow64\iertutil.dll</arg>
  <arg>0x76260000</arg>
  <arg>0x76460fff</arg>
  <description>Module loaded C:\windows\syswow64\iertutil.dll, address range [0x76260000-0x76460fff]</description>
  <severity>2</severity>
</msg>
<msg id="86" tool="mc">
  <type>2002</type>
  <arg>C:\windows\system32\ntmarta.dll</arg>
  <arg>0x6f950000</arg>
  <arg>0x6f970fff</arg>
  <description>Module loaded C:\windows\system32\ntmarta.dll, address range [0x6f950000-0x6f970fff]</description>
  <severity>2</severity>
</msg>
<msg id="87" tool="mc">
  <type>2002</type>
  <arg>C:\windows\syswow64\WLDAP32.dll</arg>
  <arg>0x770a0000</arg>
  <arg>0x770e4fff</arg>
  <description>Module loaded C:\windows\syswow64\WLDAP32.dll, address range [0x770a0000-0x770e4fff]</description>
  <severity>2</severity>
</msg>
<msg id="88" tool="mc">
  <type>2002</type>
  <arg>C:\windows\syswow64\SHELL32.dll</arg>
  <arg>0x75300000</arg>
  <arg>0x75f4afff</arg>
  <description>Module loaded C:\windows\syswow64\SHELL32.dll, address range [0x75300000-0x75f4afff]</description>
  <severity>2</severity>
</msg>
<msg id="89" tool="mc">
  <type>2002</type>
  <arg>C:\windows\system32\profapi.dll</arg>
  <arg>0x74d30000</arg>
  <arg>0x74d3afff</arg>
  <description>Module loaded C:\windows\system32\profapi.dll, address range [0x74d30000-0x74d3afff]</description>
  <severity>2</severity>
</msg>
<msg id="90" tool="mc">
  <type>2019</type>
  <arg>C:\windows\system32\profapi.dll</arg>
  <severity>1</severity>
  <description>Found no symbols for module C:\windows\system32\profapi.dll. Analysis may be incomplete.</description>
</msg>
<msg id="91" tool="mc">
  <type>2002</type>
  <arg>C:\windows\system32\mswsock.dll</arg>
  <arg>0x72b00000</arg>
  <arg>0x72b3bfff</arg>
  <description>Module loaded C:\windows\system32\mswsock.dll, address range [0x72b00000-0x72b3bfff]</description>
  <severity>2</severity>
</msg>
<msg id="92" tool="mc">
  <type>2002</type>
  <arg>C:\windows\System32\wshtcpip.dll</arg>
  <arg>0x70e50000</arg>
  <arg>0x70e54fff</arg>
  <description>Module loaded C:\windows\System32\wshtcpip.dll, address range [0x70e50000-0x70e54fff]</description>
  <severity>2</severity>
</msg>
<msg id="93" tool="mc">
  <type>2002</type>
  <arg>C:\windows\System32\wship6.dll</arg>
  <arg>0x72950000</arg>
  <arg>0x72955fff</arg>
  <description>Module loaded C:\windows\System32\wship6.dll, address range [0x72950000-0x72955fff]</description>
  <severity>2</severity>
</msg>
<msg id="94" tool="mc">
  <type>2002</type>
  <arg>C:\windows\system32\DNSAPI.dll</arg>
  <arg>0x73430000</arg>
  <arg>0x73473fff</arg>
  <description>Module loaded C:\windows\system32\DNSAPI.dll, address range [0x73430000-0x73473fff]</description>
  <severity>2</severity>
</msg>
<msg id="95" tool="mc">
  <type>2002</type>
  <arg>C:\Program Files (x86)\Bonjour\mdnsNSP.dll</arg>
  <arg>0x732d0000</arg>
  <arg>0x732f0fff</arg>
  <description>Module loaded C:\Program Files (x86)\Bonjour\mdnsNSP.dll, address range [0x732d0000-0x732f0fff]</description>
  <severity>2</severity>
</msg>
<msg id="96" tool="mc">
  <type>2002</type>
  <arg>C:\windows\system32\Iphlpapi.DLL</arg>
  <arg>0x74b30000</arg>
  <arg>0x74b4bfff</arg>
  <description>Module loaded C:\windows\system32\Iphlpapi.DLL, address range [0x74b30000-0x74b4bfff]</description>
  <severity>2</severity>
</msg>
<msg id="97" tool="mc">
  <type>2002</type>
  <arg>C:\windows\system32\WINNSI.DLL</arg>
  <arg>0x74b20000</arg>
  <arg>0x74b26fff</arg>
  <description>Module loaded C:\windows\system32\WINNSI.DLL, address range [0x74b20000-0x74b26fff]</description>
  <severity>2</severity>
</msg>
<msg id="98" tool="mc">
  <type>2002</type>
  <arg>C:\windows\system32\rasadhlp.dll</arg>
  <arg>0x72970000</arg>
  <arg>0x72975fff</arg>
  <description>Module loaded C:\windows\system32\rasadhlp.dll, address range [0x72970000-0x72975fff]</description>
  <severity>2</severity>
</msg>
<msg id="99" tool="mc">
  <type>2002</type>
  <arg>C:\windows\System32\fwpuclnt.dll</arg>
  <arg>0x6eec0000</arg>
  <arg>0x6eef7fff</arg>
  <description>Module loaded C:\windows\System32\fwpuclnt.dll, address range [0x6eec0000-0x6eef7fff]</description>
  <severity>2</severity>
</msg>
<msg id="100" tool="mc">
  <type>2002</type>
  <arg>C:\windows\assembly\NativeImages_v4.0.30319_32\System.Management\d7e7114f6d4f66c9534c293cf2729b26\System.Management.ni.dll</arg>
  <arg>0x62d30000</arg>
  <arg>0x62e4cfff</arg>
  <description>Module loaded C:\windows\assembly\NativeImages_v4.0.30319_32\System.Management\d7e7114f6d4f66c9534c293cf2729b26\System.Management.ni.dll, address range [0x62d30000-0x62e4cfff]</description>
  <severity>2</severity>
</msg>
<msg id="101" tool="mc">
  <type>2002</type>
  <arg>C:\windows\syswow64\CLBCatQ.DLL</arg>
  <arg>0x76850000</arg>
  <arg>0x768d2fff</arg>
  <description>Module loaded C:\windows\syswow64\CLBCatQ.DLL, address range [0x76850000-0x768d2fff]</description>
  <severity>2</severity>
</msg>
<msg id="102" tool="mc">
  <type>2002</type>
  <arg>C:\windows\system32\wbem\wmiutils.dll</arg>
  <arg>0x64ec0000</arg>
  <arg>0x64ed6fff</arg>
  <description>Module loaded C:\windows\system32\wbem\wmiutils.dll, address range [0x64ec0000-0x64ed6fff]</description>
  <severity>2</severity>
</msg>
<msg id="103" tool="mc">
  <type>2002</type>
  <arg>C:\windows\system32\wbemcomn.dll</arg>
  <arg>0x6ef00000</arg>
  <arg>0x6ef5bfff</arg>
  <description>Module loaded C:\windows\system32\wbemcomn.dll, address range [0x6ef00000-0x6ef5bfff]</description>
  <severity>2</severity>
</msg>
<msg id="104" tool="mc">
  <type>2002</type>
  <arg>C:\windows\system32\wbem\wbemprox.dll</arg>
  <arg>0x726f0000</arg>
  <arg>0x726f9fff</arg>
  <description>Module loaded C:\windows\system32\wbem\wbemprox.dll, address range [0x726f0000-0x726f9fff]</description>
  <severity>2</severity>
</msg>
<msg id="105" tool="mc">
  <type>2002</type>
  <arg>C:\Windows\Microsoft.NET\Framework\v4.0.30319\wminet_utils.dll</arg>
  <arg>0x0f630000</arg>
  <arg>0x0f639fff</arg>
  <description>Module loaded C:\Windows\Microsoft.NET\Framework\v4.0.30319\wminet_utils.dll, address range [0x0f630000-0x0f639fff]</description>
  <severity>2</severity>
</msg>
<msg id="106" tool="mc">
  <type>2002</type>
  <arg>C:\windows\system32\wbem\wbemsvc.dll</arg>
  <arg>0x6f910000</arg>
  <arg>0x6f91efff</arg>
  <description>Module loaded C:\windows\system32\wbem\wbemsvc.dll, address range [0x6f910000-0x6f91efff]</description>
  <severity>2</severity>
</msg>
<msg id="107" tool="mc">
  <type>2002</type>
  <arg>C:\windows\system32\wbem\fastprox.dll</arg>
  <arg>0x6edf0000</arg>
  <arg>0x6ee85fff</arg>
  <description>Module loaded C:\windows\system32\wbem\fastprox.dll, address range [0x6edf0000-0x6ee85fff]</description>
  <severity>2</severity>
</msg>
<msg id="108" tool="mc">
  <type>2002</type>
  <arg>C:\windows\system32\NTDSAPI.dll</arg>
  <arg>0x702f0000</arg>
  <arg>0x70307fff</arg>
  <description>Module loaded C:\windows\system32\NTDSAPI.dll, address range [0x702f0000-0x70307fff]</description>
  <severity>2</severity>
</msg>
<msg id="109" tool="mc">
  <type>2002</type>
  <arg>C:\windows\system32\POWRPROF.DLL</arg>
  <arg>0x62b10000</arg>
  <arg>0x62b34fff</arg>
  <description>Module loaded C:\windows\system32\POWRPROF.DLL, address range [0x62b10000-0x62b34fff]</description>
  <severity>2</severity>
</msg>
<msg id="110" tool="mc">
  <type>2002</type>
  <arg>C:\windows\syswow64\SETUPAPI.dll</arg>
  <arg>0x76470000</arg>
  <arg>0x7660cfff</arg>
  <description>Module loaded C:\windows\syswow64\SETUPAPI.dll, address range [0x76470000-0x7660cfff]</description>
  <severity>2</severity>
</msg>
<msg id="111" tool="mc">
  <type>2002</type>
  <arg>C:\windows\syswow64\CFGMGR32.dll</arg>
  <arg>0x76790000</arg>
  <arg>0x767b6fff</arg>
  <description>Module loaded C:\windows\syswow64\CFGMGR32.dll, address range [0x76790000-0x767b6fff]</description>
  <severity>2</severity>
</msg>
<msg id="112" tool="mc">
  <type>2002</type>
  <arg>C:\windows\syswow64\DEVOBJ.dll</arg>
  <arg>0x752e0000</arg>
  <arg>0x752f1fff</arg>
  <description>Module loaded C:\windows\syswow64\DEVOBJ.dll, address range [0x752e0000-0x752f1fff]</description>
  <severity>2</severity>
</msg>
<msg id="113" tool="mc">
  <type>2003</type>
  <arg>C:\windows\system32\POWRPROF.DLL</arg>
  <description>Module unloaded </description>
  <severity>2</severity>
</msg>
<msg id="114" tool="mc">
  <type>2003</type>
  <arg>C:\windows\syswow64\SETUPAPI.dll</arg>
  <description>Module unloaded </description>
  <severity>2</severity>
</msg>
<msg id="115" tool="mc">
  <type>2003</type>
  <arg>C:\windows\syswow64\DEVOBJ.dll</arg>
  <description>Module unloaded </description>
  <severity>2</severity>
</msg>
<msg id="116" tool="mc">
  <type>2003</type>
  <arg>C:\windows\syswow64\CFGMGR32.dll</arg>
  <description>Module unloaded </description>
  <severity>2</severity>
</msg>
<msg id="117" tool="mc">
  <type>2002</type>
  <arg>C:\windows\system32\WtsApi32.dll</arg>
  <arg>0x74d60000</arg>
  <arg>0x74d6cfff</arg>
  <description>Module loaded C:\windows\system32\WtsApi32.dll, address range [0x74d60000-0x74d6cfff]</description>
  <severity>2</severity>
</msg>
<msg id="118" tool="mc">
  <type>2002</type>
  <arg>C:\windows\system32\WINSTA.dll</arg>
  <arg>0x74940000</arg>
  <arg>0x74968fff</arg>
  <description>Module loaded C:\windows\system32\WINSTA.dll, address range [0x74940000-0x74968fff]</description>
  <severity>2</severity>
</msg>
<msg id="119" tool="mc">
  <type>2002</type>
  <arg>C:\windows\system32\atiumdva.dll</arg>
  <arg>0x52830000</arg>
  <arg>0x52bbefff</arg>
  <description>Module loaded C:\windows\system32\atiumdva.dll, address range [0x52830000-0x52bbefff]</description>
  <severity>2</severity>
</msg>
<msg id="120" tool="mc">
  <type>2002</type>
  <arg>C:\windows\assembly\NativeImages_v4.0.30319_32\Presentatio49d6fefe#\469e1cf4e09484b942c93ea026b40652\PresentationFramework-SystemXml.ni.dll</arg>
  <arg>0x578f0000</arg>
  <arg>0x578f7fff</arg>
  <description>Module loaded C:\windows\assembly\NativeImages_v4.0.30319_32\Presentatio49d6fefe#\469e1cf4e09484b942c93ea026b40652\PresentationFramework-SystemXml.ni.dll, address range [0x578f0000-0x578f7fff]</description>
  <severity>2</severity>
</msg>
<msg id="121" tool="mc">
  <type>2003</type>
  <arg>C:\windows\system32\atiumdva.dll</arg>
  <description>Module unloaded </description>
  <severity>2</severity>
</msg>
<msg id="122" tool="mc">
  <type>2002</type>
  <arg>C:\windows\system32\atiumdva.dll</arg>
  <arg>0x52830000</arg>
  <arg>0x52bbefff</arg>
  <description>Module loaded C:\windows\system32\atiumdva.dll, address range [0x52830000-0x52bbefff]</description>
  <severity>2</severity>
</msg>
<msg id="123" tool="mc">
  <type>2003</type>
  <arg>C:\windows\system32\atiumdva.dll</arg>
  <description>Module unloaded </description>
  <severity>2</severity>
</msg>
<msg id="124" tool="mc">
  <type>2002</type>
  <arg>C:\windows\system32\ole32.dll</arg>
  <arg>0x144c0000</arg>
  <arg>0x1461bfff</arg>
  <description>Module loaded C:\windows\system32\ole32.dll, address range [0x144c0000-0x1461bfff]</description>
  <severity>2</severity>
</msg>
<msg id="125" tool="mc">
  <type>2003</type>
  <arg>C:\windows\system32\ole32.dll</arg>
  <description>Module unloaded </description>
  <severity>2</severity>
</msg>
<msg id="126" tool="mc">
  <type>2002</type>
  <arg>C:\windows\system32\msctfui.dll</arg>
  <arg>0x145a0000</arg>
  <arg>0x145b6fff</arg>
  <description>Module loaded C:\windows\system32\msctfui.dll, address range [0x145a0000-0x145b6fff]</description>
  <severity>2</severity>
</msg>
<msg id="127" tool="mc">
  <type>2002</type>
  <arg>C:\windows\system32\WINMM.dll</arg>
  <arg>0x74970000</arg>
  <arg>0x749a1fff</arg>
  <description>Module loaded C:\windows\system32\WINMM.dll, address range [0x74970000-0x749a1fff]</description>
  <severity>2</severity>
</msg>
<msg id="128" tool="mc">
  <type>2002</type>
  <arg>C:\windows\assembly\NativeImages_v4.0.30319_32\System.Numerics\03b3342f21a5dc6d97cd99632c324765\System.Numerics.ni.dll</arg>
  <arg>0x611c0000</arg>
  <arg>0x611e5fff</arg>
  <description>Module loaded C:\windows\assembly\NativeImages_v4.0.30319_32\System.Numerics\03b3342f21a5dc6d97cd99632c324765\System.Numerics.ni.dll, address range [0x611c0000-0x611e5fff]</description>
  <severity>2</severity>
</msg>
<msg id="129" tool="mc">
  <type>2002</type>
  <arg>C:\windows\assembly\NativeImages_v4.0.30319_32\System.Drawing\003c06af327914e4ad317c4fbf1c37e2\System.Drawing.ni.dll</arg>
  <arg>0x5dc40000</arg>
  <arg>0x5ddd0fff</arg>
  <description>Module loaded C:\windows\assembly\NativeImages_v4.0.30319_32\System.Drawing\003c06af327914e4ad317c4fbf1c37e2\System.Drawing.ni.dll, address range [0x5dc40000-0x5ddd0fff]</description>
  <severity>2</severity>
</msg>
<msg id="130" tool="mc">
  <type>2002</type>
  <arg>C:\windows\assembly\NativeImages_v4.0.30319_32\System.Windows.Forms\11016b3915ab944c10a97c689e90b996\System.Windows.Forms.ni.dll</arg>
  <arg>0x7af70000</arg>
  <arg>0x7bb8dfff</arg>
  <description>Module loaded C:\windows\assembly\NativeImages_v4.0.30319_32\System.Windows.Forms\11016b3915ab944c10a97c689e90b996\System.Windows.Forms.ni.dll, address range [0x7af70000-0x7bb8dfff]</description>
  <severity>2</severity>
</msg>
<msg id="131" tool="runtool">
  <type>app-exit-code</type>
  <arg>1</arg>
</msg>
<msg id="132" tool="runtool">
  <type>marker-file</type>
  <arg>E:\HistoryNoteBook\HistoryNoteBook\My Inspector XE Results - HistoryNoteBook\r000mi1\r000mi1.inspxe</arg>
</msg>
<msg id="133" tool="runtool">
  <type>mc-canceled</type>
</msg>
<msg id="134" tool="runtool">
  <type>log-end</type>
  <arg>2015/12/14 20:30:57</arg>
</msg>

</log>

