<?xml version="1.0" encoding="utf-8" ?>
<!-- DO NOT EDIT THIS FILE -->
<log version='1.0' component='ldt'>
	<msg id='1' display='true' tool='ldt'>
		<type>2001</type>
		<timestamp>Mon Dec 14 20:26:32 2015</timestamp>
		<severity>2</severity>
		<description>EXEC_OF_INTEREST</description>
		<arg>E:\HistoryNoteBook\HistoryNoteBook\bin\Debug\HistoryNoteBook.exe</arg>
		<arg>16776</arg>
	</msg>
	<msg id='2' display='true' tool='ldt'>
		<type>2002</type>
		<description> Module loaded E:\HistoryNoteBook\HistoryNoteBook\bin\Debug\HistoryNoteBook.exe, address range [0x00080000-0x00091fff]</description>
		<severity>2</severity>
		<arg>E:\HistoryNoteBook\HistoryNoteBook\bin\Debug\HistoryNoteBook.exe</arg>
		<arg>0x00080000</arg>
		<arg>0x00091fff</arg>
	</msg>
	<msg id='3' display='true' tool='ldt'>
		<type>2002</type>
		<description> Module loaded D:\Intel\Inspector XE 2011\bin32\inspxe_dbghelp.dll, address range [0x04100000-0x04220fff]</description>
		<severity>2</severity>
		<arg>D:\Intel\Inspector XE 2011\bin32\inspxe_dbghelp.dll</arg>
		<arg>0x04100000</arg>
		<arg>0x04220fff</arg>
	</msg>
	<msg id='4' display='true' tool='ldt'>
		<type>2002</type>
		<description> Module loaded D:\Intel\Inspector XE 2011\bin32\inspxe_msdia100.dll, address range [0x0f420000-0x0f4e5fff]</description>
		<severity>2</severity>
		<arg>D:\Intel\Inspector XE 2011\bin32\inspxe_msdia100.dll</arg>
		<arg>0x0f420000</arg>
		<arg>0x0f4e5fff</arg>
	</msg>
	<msg id='5' display='true' tool='ldt'>
		<type>2002</type>
		<description> Module loaded C:\windows\SYSTEM32\MSCOREE.DLL, address range [0x6e430000-0x6e479fff]</description>
		<severity>2</severity>
		<arg>C:\windows\SYSTEM32\MSCOREE.DLL</arg>
		<arg>0x6e430000</arg>
		<arg>0x6e479fff</arg>
	</msg>
	<msg id='6' display='true' tool='ldt'>
		<type>2002</type>
		<description> Module loaded C:\windows\system32\apphelp.dll, address range [0x729f0000-0x72a3bfff]</description>
		<severity>2</severity>
		<arg>C:\windows\system32\apphelp.dll</arg>
		<arg>0x729f0000</arg>
		<arg>0x72a3bfff</arg>
	</msg>
	<msg id='7' display='true' tool='ldt'>
		<type>2002</type>
		<description> Module loaded C:\windows\syswow64\CRYPTBASE.dll, address range [0x74f00000-0x74f0bfff]</description>
		<severity>2</severity>
		<arg>C:\windows\syswow64\CRYPTBASE.dll</arg>
		<arg>0x74f00000</arg>
		<arg>0x74f0bfff</arg>
	</msg>
	<msg id='8' display='true' tool='ldt'>
		<type>2002</type>
		<description> Module loaded C:\windows\syswow64\SspiCli.dll, address range [0x74f10000-0x74f6ffff]</description>
		<severity>2</severity>
		<arg>C:\windows\syswow64\SspiCli.dll</arg>
		<arg>0x74f10000</arg>
		<arg>0x74f6ffff</arg>
	</msg>
	<msg id='9' display='true' tool='ldt'>
		<type>2002</type>
		<description> Module loaded C:\windows\syswow64\RPCRT4.dll, address range [0x75030000-0x7511ffff]</description>
		<severity>2</severity>
		<arg>C:\windows\syswow64\RPCRT4.dll</arg>
		<arg>0x75030000</arg>
		<arg>0x7511ffff</arg>
	</msg>
	<msg id='10' display='true' tool='ldt'>
		<type>2002</type>
		<description> Module loaded C:\windows\syswow64\PSAPI.DLL, address range [0x75120000-0x75124fff]</description>
		<severity>2</severity>
		<arg>C:\windows\syswow64\PSAPI.DLL</arg>
		<arg>0x75120000</arg>
		<arg>0x75124fff</arg>
	</msg>
	<msg id='11' display='true' tool='ldt'>
		<type>2002</type>
		<description> Module loaded C:\windows\syswow64\msvcrt.dll, address range [0x75130000-0x751dbfff]</description>
		<severity>2</severity>
		<arg>C:\windows\syswow64\msvcrt.dll</arg>
		<arg>0x75130000</arg>
		<arg>0x751dbfff</arg>
	</msg>
	<msg id='12' display='true' tool='ldt'>
		<type>2002</type>
		<description> Module loaded C:\windows\syswow64\USER32.dll, address range [0x751e0000-0x752dffff]</description>
		<severity>2</severity>
		<arg>C:\windows\syswow64\USER32.dll</arg>
		<arg>0x751e0000</arg>
		<arg>0x752dffff</arg>
	</msg>
	<msg id='13' display='true' tool='ldt'>
		<type>2002</type>
		<description> Module loaded C:\windows\syswow64\MSCTF.dll, address range [0x76190000-0x7625bfff]</description>
		<severity>2</severity>
		<arg>C:\windows\syswow64\MSCTF.dll</arg>
		<arg>0x76190000</arg>
		<arg>0x7625bfff</arg>
	</msg>
	<msg id='14' display='true' tool='ldt'>
		<type>2002</type>
		<description> Module loaded C:\windows\syswow64\KERNELBASE.dll, address range [0x76610000-0x76656fff]</description>
		<severity>2</severity>
		<arg>C:\windows\syswow64\KERNELBASE.dll</arg>
		<arg>0x76610000</arg>
		<arg>0x76656fff</arg>
	</msg>
	<msg id='15' display='true' tool='ldt'>
		<type>2002</type>
		<description> Module loaded C:\windows\syswow64\GDI32.dll, address range [0x767c0000-0x7684ffff]</description>
		<severity>2</severity>
		<arg>C:\windows\syswow64\GDI32.dll</arg>
		<arg>0x767c0000</arg>
		<arg>0x7684ffff</arg>
	</msg>
	<msg id='16' display='true' tool='ldt'>
		<type>2002</type>
		<description> Module loaded C:\windows\syswow64\ole32.dll, address range [0x768e0000-0x76a3bfff]</description>
		<severity>2</severity>
		<arg>C:\windows\syswow64\ole32.dll</arg>
		<arg>0x768e0000</arg>
		<arg>0x76a3bfff</arg>
	</msg>
	<msg id='17' display='true' tool='ldt'>
		<type>2002</type>
		<description> Module loaded C:\windows\SysWOW64\sechost.dll, address range [0x76b30000-0x76b48fff]</description>
		<severity>2</severity>
		<arg>C:\windows\SysWOW64\sechost.dll</arg>
		<arg>0x76b30000</arg>
		<arg>0x76b48fff</arg>
	</msg>
	<msg id='18' display='true' tool='ldt'>
		<type>2002</type>
		<description> Module loaded C:\windows\syswow64\KERNEL32.dll, address range [0x76b90000-0x76c9ffff]</description>
		<severity>2</severity>
		<arg>C:\windows\syswow64\KERNEL32.dll</arg>
		<arg>0x76b90000</arg>
		<arg>0x76c9ffff</arg>
	</msg>
	<msg id='19' display='true' tool='ldt'>
		<type>2002</type>
		<description> Module loaded C:\windows\syswow64\USP10.dll, address range [0x76d00000-0x76d9cfff]</description>
		<severity>2</severity>
		<arg>C:\windows\syswow64\USP10.dll</arg>
		<arg>0x76d00000</arg>
		<arg>0x76d9cfff</arg>
	</msg>
	<msg id='20' display='true' tool='ldt'>
		<type>2002</type>
		<description> Module loaded C:\windows\syswow64\ADVAPI32.dll, address range [0x76da0000-0x76e3ffff]</description>
		<severity>2</severity>
		<arg>C:\windows\syswow64\ADVAPI32.dll</arg>
		<arg>0x76da0000</arg>
		<arg>0x76e3ffff</arg>
	</msg>
	<msg id='21' display='true' tool='ldt'>
		<type>2002</type>
		<description> Module loaded C:\windows\syswow64\OLEAUT32.dll, address range [0x76fb0000-0x7703efff]</description>
		<severity>2</severity>
		<arg>C:\windows\syswow64\OLEAUT32.dll</arg>
		<arg>0x76fb0000</arg>
		<arg>0x7703efff</arg>
	</msg>
	<msg id='22' display='true' tool='ldt'>
		<type>2002</type>
		<description> Module loaded C:\windows\system32\IMM32.DLL, address range [0x77040000-0x7709ffff]</description>
		<severity>2</severity>
		<arg>C:\windows\system32\IMM32.DLL</arg>
		<arg>0x77040000</arg>
		<arg>0x7709ffff</arg>
	</msg>
	<msg id='23' display='true' tool='ldt'>
		<type>2002</type>
		<description> Module loaded C:\windows\syswow64\LPK.dll, address range [0x773c0000-0x773c9fff]</description>
		<severity>2</severity>
		<arg>C:\windows\syswow64\LPK.dll</arg>
		<arg>0x773c0000</arg>
		<arg>0x773c9fff</arg>
	</msg>
	<msg id='24' display='true' tool='ldt'>
		<type>2002</type>
		<description> Module loaded C:\windows\SysWOW64\ntdll.dll, address range [0x773f0000-0x7756ffff]</description>
		<severity>2</severity>
		<arg>C:\windows\SysWOW64\ntdll.dll</arg>
		<arg>0x773f0000</arg>
		<arg>0x7756ffff</arg>
	</msg>
	<msg id='25' display='true' tool='ldt'>
		<type>2002</type>
		<description> Module loaded C:\Windows\Microsoft.NET\Framework\v4.0.30319\mscoreei.dll, address range [0x6e3b0000-0x6e429fff]</description>
		<severity>2</severity>
		<arg>C:\Windows\Microsoft.NET\Framework\v4.0.30319\mscoreei.dll</arg>
		<arg>0x6e3b0000</arg>
		<arg>0x6e429fff</arg>
	</msg>
	<msg id='26' display='true' tool='ldt'>
		<type>2002</type>
		<description> Module loaded C:\windows\syswow64\SHLWAPI.dll, address range [0x76ca0000-0x76cf6fff]</description>
		<severity>2</severity>
		<arg>C:\windows\syswow64\SHLWAPI.dll</arg>
		<arg>0x76ca0000</arg>
		<arg>0x76cf6fff</arg>
	</msg>
	<msg id='27' display='true' tool='ldt'>
		<type>2002</type>
		<description> Module loaded C:\Windows\Microsoft.NET\Framework\v4.0.30319\clr.dll, address range [0x5dee0000-0x5e572fff]</description>
		<severity>2</severity>
		<arg>C:\Windows\Microsoft.NET\Framework\v4.0.30319\clr.dll</arg>
		<arg>0x5dee0000</arg>
		<arg>0x5e572fff</arg>
	</msg>
	<msg id='28' display='true' tool='ldt'>
		<type>2002</type>
		<description> Module loaded C:\windows\system32\MSVCR110_CLR0400.dll, address range [0x5de00000-0x5ded2fff]</description>
		<severity>2</severity>
		<arg>C:\windows\system32\MSVCR110_CLR0400.dll</arg>
		<arg>0x5de00000</arg>
		<arg>0x5ded2fff</arg>
	</msg>
	<msg id='29' display='true' tool='ldt'>
		<type>2002</type>
		<description> Module loaded C:\windows\assembly\NativeImages_v4.0.30319_32\mscorlib\d12f4fda3d1bfabf888342e96983e9a7\mscorlib.ni.dll, address range [0x52e00000-0x53dc9fff]</description>
		<severity>2</severity>
		<arg>C:\windows\assembly\NativeImages_v4.0.30319_32\mscorlib\d12f4fda3d1bfabf888342e96983e9a7\mscorlib.ni.dll</arg>
		<arg>0x52e00000</arg>
		<arg>0x53dc9fff</arg>
	</msg>
	<msg id='30' display='true' tool='ldt'>
		<type>2002</type>
		<description> Module loaded C:\windows\system32\uxtheme.dll, address range [0x72750000-0x727cffff]</description>
		<severity>2</severity>
		<arg>C:\windows\system32\uxtheme.dll</arg>
		<arg>0x72750000</arg>
		<arg>0x727cffff</arg>
	</msg>
	<msg id='31' display='true' tool='ldt'>
		<type>2002</type>
		<description> Module loaded C:\windows\assembly\NativeImages_v4.0.30319_32\System\a369005c18456d7fd36347e36d63fe05\System.ni.dll, address range [0x50cb0000-0x5162bfff]</description>
		<severity>2</severity>
		<arg>C:\windows\assembly\NativeImages_v4.0.30319_32\System\a369005c18456d7fd36347e36d63fe05\System.ni.dll</arg>
		<arg>0x50cb0000</arg>
		<arg>0x5162bfff</arg>
	</msg>
	<msg id='32' display='true' tool='ldt'>
		<type>2002</type>
		<description> Module loaded C:\windows\assembly\NativeImages_v4.0.30319_32\WindowsBase\ac2e26bafa70e93b307087d7fe6b9dd2\WindowsBase.ni.dll, address range [0x5a680000-0x5aa3cfff]</description>
		<severity>2</severity>
		<arg>C:\windows\assembly\NativeImages_v4.0.30319_32\WindowsBase\ac2e26bafa70e93b307087d7fe6b9dd2\WindowsBase.ni.dll</arg>
		<arg>0x5a680000</arg>
		<arg>0x5aa3cfff</arg>
	</msg>
	<msg id='33' display='true' tool='ldt'>
		<type>2002</type>
		<description> Module loaded C:\windows\system32\CRYPTSP.dll, address range [0x701d0000-0x701e5fff]</description>
		<severity>2</severity>
		<arg>C:\windows\system32\CRYPTSP.dll</arg>
		<arg>0x701d0000</arg>
		<arg>0x701e5fff</arg>
	</msg>
	<msg id='34' display='true' tool='ldt'>
		<type>2002</type>
		<description> Module loaded C:\windows\system32\rsaenh.dll, address range [0x70190000-0x701cafff]</description>
		<severity>2</severity>
		<arg>C:\windows\system32\rsaenh.dll</arg>
		<arg>0x70190000</arg>
		<arg>0x701cafff</arg>
	</msg>
	<msg id='35' display='true' tool='ldt'>
		<type>2002</type>
		<description> Module loaded C:\windows\assembly\NativeImages_v4.0.30319_32\PresentationCore\43a5fc0dffa4a254749608452df27b6a\PresentationCore.ni.dll, address range [0x0f790000-0x101fefff]</description>
		<severity>2</severity>
		<arg>C:\windows\assembly\NativeImages_v4.0.30319_32\PresentationCore\43a5fc0dffa4a254749608452df27b6a\PresentationCore.ni.dll</arg>
		<arg>0x0f790000</arg>
		<arg>0x101fefff</arg>
	</msg>
	<msg id='36' display='true' tool='ldt'>
		<type>2002</type>
		<description> Module loaded C:\windows\assembly\NativeImages_v4.0.30319_32\Presentatio5ae0f00f#\8711b01d60a94d6ef6a02d7fd0578493\PresentationFramework.ni.dll, address range [0x55d50000-0x56f02fff]</description>
		<severity>2</severity>
		<arg>C:\windows\assembly\NativeImages_v4.0.30319_32\Presentatio5ae0f00f#\8711b01d60a94d6ef6a02d7fd0578493\PresentationFramework.ni.dll</arg>
		<arg>0x55d50000</arg>
		<arg>0x56f02fff</arg>
	</msg>
	<msg id='37' display='true' tool='ldt'>
		<type>2002</type>
		<description> Module loaded C:\windows\assembly\NativeImages_v4.0.30319_32\System.Xaml\9d3572e8c3c314a0f12383d41e8bee78\System.Xaml.ni.dll, address range [0x586a0000-0x5886dfff]</description>
		<severity>2</severity>
		<arg>C:\windows\assembly\NativeImages_v4.0.30319_32\System.Xaml\9d3572e8c3c314a0f12383d41e8bee78\System.Xaml.ni.dll</arg>
		<arg>0x586a0000</arg>
		<arg>0x5886dfff</arg>
	</msg>
	<msg id='38' display='true' tool='ldt'>
		<type>2002</type>
		<description> Module loaded C:\windows\system32\dwrite.dll, address range [0x58590000-0x5869bfff]</description>
		<severity>2</severity>
		<arg>C:\windows\system32\dwrite.dll</arg>
		<arg>0x58590000</arg>
		<arg>0x5869bfff</arg>
	</msg>
	<msg id='39' display='true' tool='ldt'>
		<type>2002</type>
		<description> Module loaded C:\windows\Microsoft.NET\Framework\v4.0.30319\WPF\wpfgfx_v0400.dll, address range [0x089c0000-0x08b5cfff]</description>
		<severity>2</severity>
		<arg>C:\windows\Microsoft.NET\Framework\v4.0.30319\WPF\wpfgfx_v0400.dll</arg>
		<arg>0x089c0000</arg>
		<arg>0x08b5cfff</arg>
	</msg>
	<msg id='40' display='true' tool='ldt'>
		<type>2002</type>
		<description> Module loaded C:\windows\Microsoft.NET\Framework\v4.0.30319\WPF\PresentationNative_v0400.dll, address range [0x5aeb0000-0x5af6ffff]</description>
		<severity>2</severity>
		<arg>C:\windows\Microsoft.NET\Framework\v4.0.30319\WPF\PresentationNative_v0400.dll</arg>
		<arg>0x5aeb0000</arg>
		<arg>0x5af6ffff</arg>
	</msg>
	<msg id='41' display='true' tool='ldt'>
		<type>2002</type>
		<description> Module loaded C:\Windows\Microsoft.NET\Framework\v4.0.30319\clrjit.dll, address range [0x58520000-0x5858dfff]</description>
		<severity>2</severity>
		<arg>C:\Windows\Microsoft.NET\Framework\v4.0.30319\clrjit.dll</arg>
		<arg>0x58520000</arg>
		<arg>0x5858dfff</arg>
	</msg>
	<msg id='42' display='true' tool='ldt'>
		<type>2002</type>
		<description> Module loaded C:\Windows\Microsoft.NET\Framework\v4.0.30319\nlssorting.dll, address range [0x5dde0000-0x5ddf1fff]</description>
		<severity>2</severity>
		<arg>C:\Windows\Microsoft.NET\Framework\v4.0.30319\nlssorting.dll</arg>
		<arg>0x5dde0000</arg>
		<arg>0x5ddf1fff</arg>
	</msg>
	<msg id='43' display='true' tool='ldt'>
		<type>2002</type>
		<description> Module loaded C:\windows\system32\dwmapi.dll, address range [0x6e390000-0x6e3a2fff]</description>
		<severity>2</severity>
		<arg>C:\windows\system32\dwmapi.dll</arg>
		<arg>0x6e390000</arg>
		<arg>0x6e3a2fff</arg>
	</msg>
	<msg id='44' display='true' tool='ldt'>
		<type>2002</type>
		<description> Module loaded C:\Users\dell\AppData\Roaming\TaobaoProtect\TaobaoProtectSE.dll, address range [0x74560000-0x745f2fff]</description>
		<severity>2</severity>
		<arg>C:\Users\dell\AppData\Roaming\TaobaoProtect\TaobaoProtectSE.dll</arg>
		<arg>0x74560000</arg>
		<arg>0x745f2fff</arg>
	</msg>
	<msg id='45' display='true' tool='ldt'>
		<type>2002</type>
		<description> Module loaded C:\windows\syswow64\CRYPT32.dll, address range [0x76670000-0x7678ffff]</description>
		<severity>2</severity>
		<arg>C:\windows\syswow64\CRYPT32.dll</arg>
		<arg>0x76670000</arg>
		<arg>0x7678ffff</arg>
	</msg>
	<msg id='46' display='true' tool='ldt'>
		<type>2002</type>
		<description> Module loaded C:\windows\syswow64\MSASN1.dll, address range [0x76f70000-0x76f7bfff]</description>
		<severity>2</severity>
		<arg>C:\windows\syswow64\MSASN1.dll</arg>
		<arg>0x76f70000</arg>
		<arg>0x76f7bfff</arg>
	</msg>
	<msg id='47' display='true' tool='ldt'>
		<type>2002</type>
		<description> Module loaded C:\windows\system32\VERSION.dll, address range [0x74d70000-0x74d78fff]</description>
		<severity>2</severity>
		<arg>C:\windows\system32\VERSION.dll</arg>
		<arg>0x74d70000</arg>
		<arg>0x74d78fff</arg>
	</msg>
	<msg id='48' display='true' tool='ldt'>
		<type>2002</type>
		<description> Module loaded C:\windows\system32\sfc.dll, address range [0x74de0000-0x74de2fff]</description>
		<severity>2</severity>
		<arg>C:\windows\system32\sfc.dll</arg>
		<arg>0x74de0000</arg>
		<arg>0x74de2fff</arg>
	</msg>
	<msg id='49' display='true' tool='ldt'>
		<type>2002</type>
		<description> Module loaded C:\windows\system32\sfc_os.DLL, address range [0x74dd0000-0x74ddcfff]</description>
		<severity>2</severity>
		<arg>C:\windows\system32\sfc_os.DLL</arg>
		<arg>0x74dd0000</arg>
		<arg>0x74ddcfff</arg>
	</msg>
	<msg id='50' display='true' tool='ldt'>
		<type>2002</type>
		<description> Module loaded C:\windows\system32\d3d9.dll, address range [0x5f2b0000-0x5f472fff]</description>
		<severity>2</severity>
		<arg>C:\windows\system32\d3d9.dll</arg>
		<arg>0x5f2b0000</arg>
		<arg>0x5f472fff</arg>
	</msg>
	<msg id='51' display='true' tool='ldt'>
		<type>2002</type>
		<description> Module loaded C:\windows\system32\d3d8thk.dll, address range [0x64ea0000-0x64ea5fff]</description>
		<severity>2</severity>
		<arg>C:\windows\system32\d3d8thk.dll</arg>
		<arg>0x64ea0000</arg>
		<arg>0x64ea5fff</arg>
	</msg>
	<msg id='52' display='true' tool='ldt'>
		<type>2002</type>
		<description> Module loaded C:\windows\system32\aticfx32.dll, address range [0x5f200000-0x5f2a8fff]</description>
		<severity>2</severity>
		<arg>C:\windows\system32\aticfx32.dll</arg>
		<arg>0x5f200000</arg>
		<arg>0x5f2a8fff</arg>
	</msg>
	<msg id='53' display='true' tool='ldt'>
		<type>2002</type>
		<description> Module loaded C:\windows\system32\atiu9pag.dll, address range [0x63730000-0x6373afff]</description>
		<severity>2</severity>
		<arg>C:\windows\system32\atiu9pag.dll</arg>
		<arg>0x63730000</arg>
		<arg>0x6373afff</arg>
	</msg>
	<msg id='54' display='true' tool='ldt'>
		<type>2002</type>
		<description> Module loaded C:\windows\system32\igdumd32.dll, address range [0x0b890000-0x0bea0fff]</description>
		<severity>2</severity>
		<arg>C:\windows\system32\igdumd32.dll</arg>
		<arg>0x0b890000</arg>
		<arg>0x0bea0fff</arg>
	</msg>
	<msg id='55' display='true' tool='ldt'>
		<type>2002</type>
		<description> Module loaded C:\windows\system32\atiumdag.dll, address range [0x5af70000-0x5b383fff]</description>
		<severity>2</severity>
		<arg>C:\windows\system32\atiumdag.dll</arg>
		<arg>0x5af70000</arg>
		<arg>0x5b383fff</arg>
	</msg>
	<msg id='56' display='true' tool='ldt'>
		<type>2002</type>
		<description> Module loaded C:\windows\system32\atiumdva.dll, address range [0x52830000-0x52bbefff]</description>
		<severity>2</severity>
		<arg>C:\windows\system32\atiumdva.dll</arg>
		<arg>0x52830000</arg>
		<arg>0x52bbefff</arg>
	</msg>
	<msg id='57' display='true' tool='ldt'>
		<type>2003</type>
		<description> Module unloaded </description>
		<severity>2</severity>
		<arg>C:\windows\system32\atiumdva.dll</arg>
	</msg>
	<msg id='58' display='true' tool='ldt'>
		<type>2003</type>
		<description> Module unloaded </description>
		<severity>2</severity>
		<arg>C:\windows\system32\igdumd32.dll</arg>
	</msg>
	<msg id='59' display='true' tool='ldt'>
		<type>2003</type>
		<description> Module unloaded </description>
		<severity>2</severity>
		<arg>C:\windows\system32\atiumdag.dll</arg>
	</msg>
	<msg id='60' display='true' tool='ldt'>
		<type>2002</type>
		<description> Module loaded C:\windows\system32\igdumd32.dll, address range [0x0b890000-0x0bea0fff]</description>
		<severity>2</severity>
		<arg>C:\windows\system32\igdumd32.dll</arg>
		<arg>0x0b890000</arg>
		<arg>0x0bea0fff</arg>
	</msg>
	<msg id='61' display='true' tool='ldt'>
		<type>2002</type>
		<description> Module loaded C:\windows\system32\atiumdag.dll, address range [0x5af70000-0x5b383fff]</description>
		<severity>2</severity>
		<arg>C:\windows\system32\atiumdag.dll</arg>
		<arg>0x5af70000</arg>
		<arg>0x5b383fff</arg>
	</msg>
	<msg id='62' display='true' tool='ldt'>
		<type>2002</type>
		<description> Module loaded C:\windows\assembly\NativeImages_v4.0.30319_32\Presentatio1c9175f8#\a6a6fa5e1e0fa50040bcb18751901007\PresentationFramework.Aero.ni.dll, address range [0x52d40000-0x52db2fff]</description>
		<severity>2</severity>
		<arg>C:\windows\assembly\NativeImages_v4.0.30319_32\Presentatio1c9175f8#\a6a6fa5e1e0fa50040bcb18751901007\PresentationFramework.Aero.ni.dll</arg>
		<arg>0x52d40000</arg>
		<arg>0x52db2fff</arg>
	</msg>
	<msg id='63' display='true' tool='ldt'>
		<type>2002</type>
		<description> Module loaded C:\windows\system32\RpcRtRemote.dll, address range [0x74900000-0x7490dfff]</description>
		<severity>2</severity>
		<arg>C:\windows\system32\RpcRtRemote.dll</arg>
		<arg>0x74900000</arg>
		<arg>0x7490dfff</arg>
	</msg>
	<msg id='64' display='true' tool='ldt'>
		<type>2002</type>
		<description> Module loaded C:\windows\assembly\NativeImages_v4.0.30319_32\UIAutomationTypes\aa082a27df085dae57ffa438182c792c\UIAutomationTypes.ni.dll, address range [0x57b80000-0x57baffff]</description>
		<severity>2</severity>
		<arg>C:\windows\assembly\NativeImages_v4.0.30319_32\UIAutomationTypes\aa082a27df085dae57ffa438182c792c\UIAutomationTypes.ni.dll</arg>
		<arg>0x57b80000</arg>
		<arg>0x57baffff</arg>
	</msg>
	<msg id='65' display='true' tool='ldt'>
		<type>2002</type>
		<description> Module loaded C:\windows\system32\UIAutomationCore.dll, address range [0x137e0000-0x1386bfff]</description>
		<severity>2</severity>
		<arg>C:\windows\system32\UIAutomationCore.dll</arg>
		<arg>0x137e0000</arg>
		<arg>0x1386bfff</arg>
	</msg>
	<msg id='66' display='true' tool='ldt'>
		<type>2002</type>
		<description> Module loaded C:\windows\system32\OLEACC.dll, address range [0x72910000-0x7294bfff]</description>
		<severity>2</severity>
		<arg>C:\windows\system32\OLEACC.dll</arg>
		<arg>0x72910000</arg>
		<arg>0x7294bfff</arg>
	</msg>
	<msg id='67' display='true' tool='ldt'>
		<type>2002</type>
		<description> Module loaded C:\windows\assembly\NativeImages_v4.0.30319_32\System.Configuration\853f7abd2d9a620ba57c7b4005fe1976\System.Configuration.ni.dll, address range [0x58430000-0x5851dfff]</description>
		<severity>2</severity>
		<arg>C:\windows\assembly\NativeImages_v4.0.30319_32\System.Configuration\853f7abd2d9a620ba57c7b4005fe1976\System.Configuration.ni.dll</arg>
		<arg>0x58430000</arg>
		<arg>0x5851dfff</arg>
	</msg>
	<msg id='68' display='true' tool='ldt'>
		<type>2002</type>
		<description> Module loaded C:\windows\assembly\NativeImages_v4.0.30319_32\System.Xml\95a58c416cfe8803af6b325d952a374a\System.Xml.ni.dll, address range [0x51bd0000-0x52308fff]</description>
		<severity>2</severity>
		<arg>C:\windows\assembly\NativeImages_v4.0.30319_32\System.Xml\95a58c416cfe8803af6b325d952a374a\System.Xml.ni.dll</arg>
		<arg>0x51bd0000</arg>
		<arg>0x52308fff</arg>
	</msg>
	<msg id='69' display='true' tool='ldt'>
		<type>2002</type>
		<description> Module loaded C:\windows\assembly\NativeImages_v4.0.30319_32\System.Core\6497e394eb0346d9f374976af5033e37\System.Core.ni.dll, address range [0x58870000-0x58f1efff]</description>
		<severity>2</severity>
		<arg>C:\windows\assembly\NativeImages_v4.0.30319_32\System.Core\6497e394eb0346d9f374976af5033e37\System.Core.ni.dll</arg>
		<arg>0x58870000</arg>
		<arg>0x58f1efff</arg>
	</msg>
	<msg id='70' display='true' tool='ldt'>
		<type>2002</type>
		<description> Module loaded C:\windows\assembly\NativeImages_v4.0.30319_32\System.Data\5e963184507d322fed0d414910bc8537\System.Data.ni.dll, address range [0x0cc10000-0x0d2fbfff]</description>
		<severity>2</severity>
		<arg>C:\windows\assembly\NativeImages_v4.0.30319_32\System.Data\5e963184507d322fed0d414910bc8537\System.Data.ni.dll</arg>
		<arg>0x0cc10000</arg>
		<arg>0x0d2fbfff</arg>
	</msg>
	<msg id='71' display='true' tool='ldt'>
		<type>2002</type>
		<description> Module loaded C:\windows\Microsoft.Net\assembly\GAC_32\System.Data\v4.0_4.0.0.0__b77a5c561934e089\System.Data.dll, address range [0x0d360000-0x0d66afff]</description>
		<severity>2</severity>
		<arg>C:\windows\Microsoft.Net\assembly\GAC_32\System.Data\v4.0_4.0.0.0__b77a5c561934e089\System.Data.dll</arg>
		<arg>0x0d360000</arg>
		<arg>0x0d66afff</arg>
	</msg>
	<msg id='72' display='true' tool='ldt'>
		<type>2002</type>
		<description> Module loaded C:\windows\syswow64\WS2_32.dll, address range [0x74ff0000-0x75024fff]</description>
		<severity>2</severity>
		<arg>C:\windows\syswow64\WS2_32.dll</arg>
		<arg>0x74ff0000</arg>
		<arg>0x75024fff</arg>
	</msg>
	<msg id='73' display='true' tool='ldt'>
		<type>2002</type>
		<description> Module loaded C:\windows\syswow64\NSI.dll, address range [0x76660000-0x76665fff]</description>
		<severity>2</severity>
		<arg>C:\windows\syswow64\NSI.dll</arg>
		<arg>0x76660000</arg>
		<arg>0x76665fff</arg>
	</msg>
	<msg id='74' display='true' tool='ldt'>
		<type>2002</type>
		<description> Module loaded C:\windows\assembly\NativeImages_v4.0.30319_32\System.Transactions\13b1748896e1f9ef4bc9889e945d239e\System.Transactions.ni.dll, address range [0x5f700000-0x5f79efff]</description>
		<severity>2</severity>
		<arg>C:\windows\assembly\NativeImages_v4.0.30319_32\System.Transactions\13b1748896e1f9ef4bc9889e945d239e\System.Transactions.ni.dll</arg>
		<arg>0x5f700000</arg>
		<arg>0x5f79efff</arg>
	</msg>
	<msg id='75' display='true' tool='ldt'>
		<type>2002</type>
		<description> Module loaded C:\windows\Microsoft.Net\assembly\GAC_32\System.Transactions\v4.0_4.0.0.0__b77a5c561934e089\System.Transactions.dll, address range [0x5f9e0000-0x5fa24fff]</description>
		<severity>2</severity>
		<arg>C:\windows\Microsoft.Net\assembly\GAC_32\System.Transactions\v4.0_4.0.0.0__b77a5c561934e089\System.Transactions.dll</arg>
		<arg>0x5f9e0000</arg>
		<arg>0x5fa24fff</arg>
	</msg>
	<msg id='76' display='true' tool='ldt'>
		<type>2002</type>
		<description> Module loaded C:\windows\assembly\NativeImages_v4.0.30319_32\System.Ente96d83b35#\12ce93737f159b31ce4e4d7bba0a8666\System.EnterpriseServices.ni.dll, address range [0x66b50000-0x66c0ffff]</description>
		<severity>2</severity>
		<arg>C:\windows\assembly\NativeImages_v4.0.30319_32\System.Ente96d83b35#\12ce93737f159b31ce4e4d7bba0a8666\System.EnterpriseServices.ni.dll</arg>
		<arg>0x66b50000</arg>
		<arg>0x66c0ffff</arg>
	</msg>
	<msg id='77' display='true' tool='ldt'>
		<type>2002</type>
		<description> Module loaded C:\windows\assembly\NativeImages_v4.0.30319_32\System.Ente96d83b35#\12ce93737f159b31ce4e4d7bba0a8666\System.EnterpriseServices.Wrapper.dll, address range [0x0f0a0000-0x0f0defff]</description>
		<severity>2</severity>
		<arg>C:\windows\assembly\NativeImages_v4.0.30319_32\System.Ente96d83b35#\12ce93737f159b31ce4e4d7bba0a8666\System.EnterpriseServices.Wrapper.dll</arg>
		<arg>0x0f0a0000</arg>
		<arg>0x0f0defff</arg>
	</msg>
	<msg id='78' display='true' tool='ldt'>
		<type>2002</type>
		<description> Module loaded C:\windows\Microsoft.Net\assembly\GAC_32\System.EnterpriseServices\v4.0_4.0.0.0__b03f5f7f11d50a3a\System.EnterpriseServices.Wrapper.dll, address range [0x0da60000-0x0da7ffff]</description>
		<severity>2</severity>
		<arg>C:\windows\Microsoft.Net\assembly\GAC_32\System.EnterpriseServices\v4.0_4.0.0.0__b03f5f7f11d50a3a\System.EnterpriseServices.Wrapper.dll</arg>
		<arg>0x0da60000</arg>
		<arg>0x0da7ffff</arg>
	</msg>
	<msg id='79' display='true' tool='ldt'>
		<type>2002</type>
		<description> Module loaded C:\windows\syswow64\urlmon.dll, address range [0x76050000-0x7618ffff]</description>
		<severity>2</severity>
		<arg>C:\windows\syswow64\urlmon.dll</arg>
		<arg>0x76050000</arg>
		<arg>0x7618ffff</arg>
	</msg>
	<msg id='80' display='true' tool='ldt'>
		<type>2002</type>
		<description> Module loaded C:\windows\syswow64\XmlLite.dll, address range [0x76b50000-0x76b7efff]</description>
		<severity>2</severity>
		<arg>C:\windows\syswow64\XmlLite.dll</arg>
		<arg>0x76b50000</arg>
		<arg>0x76b7efff</arg>
	</msg>
	<msg id='81' display='true' tool='ldt'>
		<type>2002</type>
		<description> Module loaded C:\windows\syswow64\WININET.dll, address range [0x75f50000-0x76044fff]</description>
		<severity>2</severity>
		<arg>C:\windows\syswow64\WININET.dll</arg>
		<arg>0x75f50000</arg>
		<arg>0x76044fff</arg>
	</msg>
	<msg id='82' display='true' tool='ldt'>
		<type>2002</type>
		<description> Module loaded C:\windows\syswow64\iertutil.dll, address range [0x76260000-0x76460fff]</description>
		<severity>2</severity>
		<arg>C:\windows\syswow64\iertutil.dll</arg>
		<arg>0x76260000</arg>
		<arg>0x76460fff</arg>
	</msg>
	<msg id='83' display='true' tool='ldt'>
		<type>2002</type>
		<description> Module loaded C:\windows\system32\ntmarta.dll, address range [0x6f950000-0x6f970fff]</description>
		<severity>2</severity>
		<arg>C:\windows\system32\ntmarta.dll</arg>
		<arg>0x6f950000</arg>
		<arg>0x6f970fff</arg>
	</msg>
	<msg id='84' display='true' tool='ldt'>
		<type>2002</type>
		<description> Module loaded C:\windows\syswow64\WLDAP32.dll, address range [0x770a0000-0x770e4fff]</description>
		<severity>2</severity>
		<arg>C:\windows\syswow64\WLDAP32.dll</arg>
		<arg>0x770a0000</arg>
		<arg>0x770e4fff</arg>
	</msg>
	<msg id='85' display='true' tool='ldt'>
		<type>2002</type>
		<description> Module loaded C:\windows\syswow64\SHELL32.dll, address range [0x75300000-0x75f4afff]</description>
		<severity>2</severity>
		<arg>C:\windows\syswow64\SHELL32.dll</arg>
		<arg>0x75300000</arg>
		<arg>0x75f4afff</arg>
	</msg>
	<msg id='86' display='true' tool='ldt'>
		<type>2002</type>
		<description> Module loaded C:\windows\system32\profapi.dll, address range [0x74d30000-0x74d3afff]</description>
		<severity>2</severity>
		<arg>C:\windows\system32\profapi.dll</arg>
		<arg>0x74d30000</arg>
		<arg>0x74d3afff</arg>
	</msg>
	<msg id='87' display='true' tool='ldt'>
		<type>2019</type><arg>C:\windows\system32\profapi.dll</arg>
		<severity>1</severity>
		<description>Found no symbols for module C:\windows\system32\profapi.dll. Analysis may be incomplete.</description>
	</msg>
	<msg id='88' display='true' tool='ldt'>
		<type>2002</type>
		<description> Module loaded C:\windows\system32\mswsock.dll, address range [0x72b00000-0x72b3bfff]</description>
		<severity>2</severity>
		<arg>C:\windows\system32\mswsock.dll</arg>
		<arg>0x72b00000</arg>
		<arg>0x72b3bfff</arg>
	</msg>
	<msg id='89' display='true' tool='ldt'>
		<type>2002</type>
		<description> Module loaded C:\windows\System32\wshtcpip.dll, address range [0x70e50000-0x70e54fff]</description>
		<severity>2</severity>
		<arg>C:\windows\System32\wshtcpip.dll</arg>
		<arg>0x70e50000</arg>
		<arg>0x70e54fff</arg>
	</msg>
	<msg id='90' display='true' tool='ldt'>
		<type>2002</type>
		<description> Module loaded C:\windows\System32\wship6.dll, address range [0x72950000-0x72955fff]</description>
		<severity>2</severity>
		<arg>C:\windows\System32\wship6.dll</arg>
		<arg>0x72950000</arg>
		<arg>0x72955fff</arg>
	</msg>
	<msg id='91' display='true' tool='ldt'>
		<type>2002</type>
		<description> Module loaded C:\windows\system32\DNSAPI.dll, address range [0x73430000-0x73473fff]</description>
		<severity>2</severity>
		<arg>C:\windows\system32\DNSAPI.dll</arg>
		<arg>0x73430000</arg>
		<arg>0x73473fff</arg>
	</msg>
	<msg id='92' display='true' tool='ldt'>
		<type>2002</type>
		<description> Module loaded C:\Program Files (x86)\Bonjour\mdnsNSP.dll, address range [0x732d0000-0x732f0fff]</description>
		<severity>2</severity>
		<arg>C:\Program Files (x86)\Bonjour\mdnsNSP.dll</arg>
		<arg>0x732d0000</arg>
		<arg>0x732f0fff</arg>
	</msg>
	<msg id='93' display='true' tool='ldt'>
		<type>2002</type>
		<description> Module loaded C:\windows\system32\Iphlpapi.DLL, address range [0x74b30000-0x74b4bfff]</description>
		<severity>2</severity>
		<arg>C:\windows\system32\Iphlpapi.DLL</arg>
		<arg>0x74b30000</arg>
		<arg>0x74b4bfff</arg>
	</msg>
	<msg id='94' display='true' tool='ldt'>
		<type>2002</type>
		<description> Module loaded C:\windows\system32\WINNSI.DLL, address range [0x74b20000-0x74b26fff]</description>
		<severity>2</severity>
		<arg>C:\windows\system32\WINNSI.DLL</arg>
		<arg>0x74b20000</arg>
		<arg>0x74b26fff</arg>
	</msg>
	<msg id='95' display='true' tool='ldt'>
		<type>2002</type>
		<description> Module loaded C:\windows\system32\rasadhlp.dll, address range [0x72970000-0x72975fff]</description>
		<severity>2</severity>
		<arg>C:\windows\system32\rasadhlp.dll</arg>
		<arg>0x72970000</arg>
		<arg>0x72975fff</arg>
	</msg>
	<msg id='96' display='true' tool='ldt'>
		<type>2002</type>
		<description> Module loaded C:\windows\System32\fwpuclnt.dll, address range [0x6eec0000-0x6eef7fff]</description>
		<severity>2</severity>
		<arg>C:\windows\System32\fwpuclnt.dll</arg>
		<arg>0x6eec0000</arg>
		<arg>0x6eef7fff</arg>
	</msg>
	<msg id='97' display='true' tool='ldt'>
		<type>2002</type>
		<description> Module loaded C:\windows\assembly\NativeImages_v4.0.30319_32\System.Management\d7e7114f6d4f66c9534c293cf2729b26\System.Management.ni.dll, address range [0x62d30000-0x62e4cfff]</description>
		<severity>2</severity>
		<arg>C:\windows\assembly\NativeImages_v4.0.30319_32\System.Management\d7e7114f6d4f66c9534c293cf2729b26\System.Management.ni.dll</arg>
		<arg>0x62d30000</arg>
		<arg>0x62e4cfff</arg>
	</msg>
	<msg id='98' display='true' tool='ldt'>
		<type>2002</type>
		<description> Module loaded C:\windows\syswow64\CLBCatQ.DLL, address range [0x76850000-0x768d2fff]</description>
		<severity>2</severity>
		<arg>C:\windows\syswow64\CLBCatQ.DLL</arg>
		<arg>0x76850000</arg>
		<arg>0x768d2fff</arg>
	</msg>
	<msg id='99' display='true' tool='ldt'>
		<type>2002</type>
		<description> Module loaded C:\windows\system32\wbem\wmiutils.dll, address range [0x64ec0000-0x64ed6fff]</description>
		<severity>2</severity>
		<arg>C:\windows\system32\wbem\wmiutils.dll</arg>
		<arg>0x64ec0000</arg>
		<arg>0x64ed6fff</arg>
	</msg>
	<msg id='100' display='true' tool='ldt'>
		<type>2002</type>
		<description> Module loaded C:\windows\system32\wbemcomn.dll, address range [0x6ef00000-0x6ef5bfff]</description>
		<severity>2</severity>
		<arg>C:\windows\system32\wbemcomn.dll</arg>
		<arg>0x6ef00000</arg>
		<arg>0x6ef5bfff</arg>
	</msg>
	<msg id='101' display='true' tool='ldt'>
		<type>2002</type>
		<description> Module loaded C:\windows\system32\wbem\wbemprox.dll, address range [0x726f0000-0x726f9fff]</description>
		<severity>2</severity>
		<arg>C:\windows\system32\wbem\wbemprox.dll</arg>
		<arg>0x726f0000</arg>
		<arg>0x726f9fff</arg>
	</msg>
	<msg id='102' display='true' tool='ldt'>
		<type>2002</type>
		<description> Module loaded C:\Windows\Microsoft.NET\Framework\v4.0.30319\wminet_utils.dll, address range [0x0f630000-0x0f639fff]</description>
		<severity>2</severity>
		<arg>C:\Windows\Microsoft.NET\Framework\v4.0.30319\wminet_utils.dll</arg>
		<arg>0x0f630000</arg>
		<arg>0x0f639fff</arg>
	</msg>
	<msg id='103' display='true' tool='ldt'>
		<type>2002</type>
		<description> Module loaded C:\windows\system32\wbem\wbemsvc.dll, address range [0x6f910000-0x6f91efff]</description>
		<severity>2</severity>
		<arg>C:\windows\system32\wbem\wbemsvc.dll</arg>
		<arg>0x6f910000</arg>
		<arg>0x6f91efff</arg>
	</msg>
	<msg id='104' display='true' tool='ldt'>
		<type>2002</type>
		<description> Module loaded C:\windows\system32\wbem\fastprox.dll, address range [0x6edf0000-0x6ee85fff]</description>
		<severity>2</severity>
		<arg>C:\windows\system32\wbem\fastprox.dll</arg>
		<arg>0x6edf0000</arg>
		<arg>0x6ee85fff</arg>
	</msg>
	<msg id='105' display='true' tool='ldt'>
		<type>2002</type>
		<description> Module loaded C:\windows\system32\NTDSAPI.dll, address range [0x702f0000-0x70307fff]</description>
		<severity>2</severity>
		<arg>C:\windows\system32\NTDSAPI.dll</arg>
		<arg>0x702f0000</arg>
		<arg>0x70307fff</arg>
	</msg>
	<msg id='106' display='true' tool='ldt'>
		<type>2002</type>
		<description> Module loaded C:\windows\system32\POWRPROF.DLL, address range [0x62b10000-0x62b34fff]</description>
		<severity>2</severity>
		<arg>C:\windows\system32\POWRPROF.DLL</arg>
		<arg>0x62b10000</arg>
		<arg>0x62b34fff</arg>
	</msg>
	<msg id='107' display='true' tool='ldt'>
		<type>2002</type>
		<description> Module loaded C:\windows\syswow64\SETUPAPI.dll, address range [0x76470000-0x7660cfff]</description>
		<severity>2</severity>
		<arg>C:\windows\syswow64\SETUPAPI.dll</arg>
		<arg>0x76470000</arg>
		<arg>0x7660cfff</arg>
	</msg>
	<msg id='108' display='true' tool='ldt'>
		<type>2002</type>
		<description> Module loaded C:\windows\syswow64\CFGMGR32.dll, address range [0x76790000-0x767b6fff]</description>
		<severity>2</severity>
		<arg>C:\windows\syswow64\CFGMGR32.dll</arg>
		<arg>0x76790000</arg>
		<arg>0x767b6fff</arg>
	</msg>
	<msg id='109' display='true' tool='ldt'>
		<type>2002</type>
		<description> Module loaded C:\windows\syswow64\DEVOBJ.dll, address range [0x752e0000-0x752f1fff]</description>
		<severity>2</severity>
		<arg>C:\windows\syswow64\DEVOBJ.dll</arg>
		<arg>0x752e0000</arg>
		<arg>0x752f1fff</arg>
	</msg>
	<msg id='110' display='true' tool='ldt'>
		<type>2003</type>
		<description> Module unloaded </description>
		<severity>2</severity>
		<arg>C:\windows\system32\POWRPROF.DLL</arg>
	</msg>
	<msg id='111' display='true' tool='ldt'>
		<type>2003</type>
		<description> Module unloaded </description>
		<severity>2</severity>
		<arg>C:\windows\syswow64\SETUPAPI.dll</arg>
	</msg>
	<msg id='112' display='true' tool='ldt'>
		<type>2003</type>
		<description> Module unloaded </description>
		<severity>2</severity>
		<arg>C:\windows\syswow64\DEVOBJ.dll</arg>
	</msg>
	<msg id='113' display='true' tool='ldt'>
		<type>2003</type>
		<description> Module unloaded </description>
		<severity>2</severity>
		<arg>C:\windows\syswow64\CFGMGR32.dll</arg>
	</msg>
	<msg id='114' display='true' tool='ldt'>
		<type>2002</type>
		<description> Module loaded C:\windows\system32\WtsApi32.dll, address range [0x74d60000-0x74d6cfff]</description>
		<severity>2</severity>
		<arg>C:\windows\system32\WtsApi32.dll</arg>
		<arg>0x74d60000</arg>
		<arg>0x74d6cfff</arg>
	</msg>
	<msg id='115' display='true' tool='ldt'>
		<type>2002</type>
		<description> Module loaded C:\windows\system32\WINSTA.dll, address range [0x74940000-0x74968fff]</description>
		<severity>2</severity>
		<arg>C:\windows\system32\WINSTA.dll</arg>
		<arg>0x74940000</arg>
		<arg>0x74968fff</arg>
	</msg>
	<msg id='116' display='true' tool='ldt'>
		<type>2002</type>
		<description> Module loaded C:\windows\system32\atiumdva.dll, address range [0x52830000-0x52bbefff]</description>
		<severity>2</severity>
		<arg>C:\windows\system32\atiumdva.dll</arg>
		<arg>0x52830000</arg>
		<arg>0x52bbefff</arg>
	</msg>
	<msg id='117' display='true' tool='ldt'>
		<type>2002</type>
		<description> Module loaded C:\windows\assembly\NativeImages_v4.0.30319_32\Presentatio49d6fefe#\469e1cf4e09484b942c93ea026b40652\PresentationFramework-SystemXml.ni.dll, address range [0x578f0000-0x578f7fff]</description>
		<severity>2</severity>
		<arg>C:\windows\assembly\NativeImages_v4.0.30319_32\Presentatio49d6fefe#\469e1cf4e09484b942c93ea026b40652\PresentationFramework-SystemXml.ni.dll</arg>
		<arg>0x578f0000</arg>
		<arg>0x578f7fff</arg>
	</msg>
	<msg id='118' display='true' tool='ldt'>
		<type>2003</type>
		<description> Module unloaded </description>
		<severity>2</severity>
		<arg>C:\windows\system32\atiumdva.dll</arg>
	</msg>
	<msg id='119' display='true' tool='ldt'>
		<type>2002</type>
		<description> Module loaded C:\windows\system32\atiumdva.dll, address range [0x52830000-0x52bbefff]</description>
		<severity>2</severity>
		<arg>C:\windows\system32\atiumdva.dll</arg>
		<arg>0x52830000</arg>
		<arg>0x52bbefff</arg>
	</msg>
	<msg id='120' display='true' tool='ldt'>
		<type>2003</type>
		<description> Module unloaded </description>
		<severity>2</severity>
		<arg>C:\windows\system32\atiumdva.dll</arg>
	</msg>
	<msg id='121' display='true' tool='ldt'>
		<type>2002</type>
		<description> Module loaded C:\windows\system32\ole32.dll, address range [0x144c0000-0x1461bfff]</description>
		<severity>2</severity>
		<arg>C:\windows\system32\ole32.dll</arg>
		<arg>0x144c0000</arg>
		<arg>0x1461bfff</arg>
	</msg>
	<msg id='122' display='true' tool='ldt'>
		<type>2003</type>
		<description> Module unloaded </description>
		<severity>2</severity>
		<arg>C:\windows\system32\ole32.dll</arg>
	</msg>
	<msg id='123' display='true' tool='ldt'>
		<type>2002</type>
		<description> Module loaded C:\windows\system32\msctfui.dll, address range [0x145a0000-0x145b6fff]</description>
		<severity>2</severity>
		<arg>C:\windows\system32\msctfui.dll</arg>
		<arg>0x145a0000</arg>
		<arg>0x145b6fff</arg>
	</msg>
	<msg id='124' display='true' tool='ldt'>
		<type>2002</type>
		<description> Module loaded C:\windows\system32\WINMM.dll, address range [0x74970000-0x749a1fff]</description>
		<severity>2</severity>
		<arg>C:\windows\system32\WINMM.dll</arg>
		<arg>0x74970000</arg>
		<arg>0x749a1fff</arg>
	</msg>
	<msg id='125' display='true' tool='ldt'>
		<type>2002</type>
		<description> Module loaded C:\windows\assembly\NativeImages_v4.0.30319_32\System.Numerics\03b3342f21a5dc6d97cd99632c324765\System.Numerics.ni.dll, address range [0x611c0000-0x611e5fff]</description>
		<severity>2</severity>
		<arg>C:\windows\assembly\NativeImages_v4.0.30319_32\System.Numerics\03b3342f21a5dc6d97cd99632c324765\System.Numerics.ni.dll</arg>
		<arg>0x611c0000</arg>
		<arg>0x611e5fff</arg>
	</msg>
	<msg id='126' display='true' tool='ldt'>
		<type>2002</type>
		<description> Module loaded C:\windows\assembly\NativeImages_v4.0.30319_32\System.Drawing\003c06af327914e4ad317c4fbf1c37e2\System.Drawing.ni.dll, address range [0x5dc40000-0x5ddd0fff]</description>
		<severity>2</severity>
		<arg>C:\windows\assembly\NativeImages_v4.0.30319_32\System.Drawing\003c06af327914e4ad317c4fbf1c37e2\System.Drawing.ni.dll</arg>
		<arg>0x5dc40000</arg>
		<arg>0x5ddd0fff</arg>
	</msg>
	<msg id='127' display='true' tool='ldt'>
		<type>2002</type>
		<description> Module loaded C:\windows\assembly\NativeImages_v4.0.30319_32\System.Windows.Forms\11016b3915ab944c10a97c689e90b996\System.Windows.Forms.ni.dll, address range [0x7af70000-0x7bb8dfff]</description>
		<severity>2</severity>
		<arg>C:\windows\assembly\NativeImages_v4.0.30319_32\System.Windows.Forms\11016b3915ab944c10a97c689e90b996\System.Windows.Forms.ni.dll</arg>
		<arg>0x7af70000</arg>
		<arg>0x7bb8dfff</arg>
	</msg>
